2013/10/24 05:43:22 [error] [exception.CHttpException.404] exception 'CHttpException' with message 'Unable to resolve the request "site".' in C:\apps\yii-1.1.14.f0fee9\framework\web\CWebApplication.php:286
Stack trace:
#0 C:\apps\yii-1.1.14.f0fee9\framework\web\CWebApplication.php(141): CWebApplication->runController('')
#1 C:\apps\yii-1.1.14.f0fee9\framework\base\CApplication.php(180): CWebApplication->processRequest()
#2 C:\apps\xampp\htdocs\scheduler\index.php(13): CApplication->run()
#3 {main}
REQUEST_URI=/scheduler/
---
2013/10/24 05:43:43 [error] [exception.CHttpException.404] exception 'CHttpException' with message 'Unable to resolve the request "site".' in C:\apps\yii-1.1.14.f0fee9\framework\web\CWebApplication.php:286
Stack trace:
#0 C:\apps\yii-1.1.14.f0fee9\framework\web\CWebApplication.php(141): CWebApplication->runController('')
#1 C:\apps\yii-1.1.14.f0fee9\framework\base\CApplication.php(180): CWebApplication->processRequest()
#2 C:\apps\xampp\htdocs\scheduler\index.php(13): CApplication->run()
#3 {main}
REQUEST_URI=/scheduler/
---
2013/10/24 05:45:05 [error] [exception.CHttpException.404] exception 'CHttpException' with message 'Unable to resolve the request "site".' in C:\apps\yii-1.1.14.f0fee9\framework\web\CWebApplication.php:286
Stack trace:
#0 C:\apps\yii-1.1.14.f0fee9\framework\web\CWebApplication.php(141): CWebApplication->runController('')
#1 C:\apps\yii-1.1.14.f0fee9\framework\base\CApplication.php(180): CWebApplication->processRequest()
#2 C:\apps\xampp\htdocs\schedular\index.php(13): CApplication->run()
#3 {main}
REQUEST_URI=/schedular/
---
2013/10/24 05:45:39 [error] [exception.CHttpException.404] exception 'CHttpException' with message 'Unable to resolve the request "site".' in C:\apps\yii-1.1.14.f0fee9\framework\web\CWebApplication.php:286
Stack trace:
#0 C:\apps\yii-1.1.14.f0fee9\framework\web\CWebApplication.php(141): CWebApplication->runController('')
#1 C:\apps\yii-1.1.14.f0fee9\framework\base\CApplication.php(180): CWebApplication->processRequest()
#2 C:\apps\xampp\htdocs\scheduler\index.php(13): CApplication->run()
#3 {main}
REQUEST_URI=/scheduler/
---
2013/10/24 05:46:47 [error] [exception.CHttpException.404] exception 'CHttpException' with message 'Unable to resolve the request "site".' in C:\apps\yii-1.1.14.f0fee9\framework\web\CWebApplication.php:286
Stack trace:
#0 C:\apps\yii-1.1.14.f0fee9\framework\web\CWebApplication.php(141): CWebApplication->runController('')
#1 C:\apps\yii-1.1.14.f0fee9\framework\base\CApplication.php(180): CWebApplication->processRequest()
#2 C:\apps\xampp\htdocs\scheduler\index.php(13): CApplication->run()
#3 {main}
REQUEST_URI=/scheduler/
---
2013/10/24 05:46:48 [error] [exception.CHttpException.404] exception 'CHttpException' with message 'Unable to resolve the request "site".' in C:\apps\yii-1.1.14.f0fee9\framework\web\CWebApplication.php:286
Stack trace:
#0 C:\apps\yii-1.1.14.f0fee9\framework\web\CWebApplication.php(141): CWebApplication->runController('')
#1 C:\apps\yii-1.1.14.f0fee9\framework\base\CApplication.php(180): CWebApplication->processRequest()
#2 C:\apps\xampp\htdocs\scheduler\index.php(13): CApplication->run()
#3 {main}
REQUEST_URI=/scheduler/
---
2013/10/24 05:46:48 [error] [exception.CHttpException.404] exception 'CHttpException' with message 'Unable to resolve the request "site".' in C:\apps\yii-1.1.14.f0fee9\framework\web\CWebApplication.php:286
Stack trace:
#0 C:\apps\yii-1.1.14.f0fee9\framework\web\CWebApplication.php(141): CWebApplication->runController('')
#1 C:\apps\yii-1.1.14.f0fee9\framework\base\CApplication.php(180): CWebApplication->processRequest()
#2 C:\apps\xampp\htdocs\scheduler\index.php(13): CApplication->run()
#3 {main}
REQUEST_URI=/scheduler/
---
2013/10/24 06:25:04 [error] [php] Undefined index: r (C:\apps\xampp\htdocs\scheduler\protected\components\RequireLogin.php:11)
Stack trace:
#0 C:\apps\yii-1.1.14.f0fee9\framework\base\CApplication.php(178): CWebApplication->onBeginRequest()
#1 C:\apps\xampp\htdocs\scheduler\index.php(13): CWebApplication->run()
REQUEST_URI=/scheduler/
in C:\apps\xampp\htdocs\scheduler\protected\components\RequireLogin.php (11)
in C:\apps\xampp\htdocs\scheduler\index.php (13)
2013/10/24 06:30:08 [error] [php] include(Controller.php): failed to open stream: No such file or directory (C:\apps\yii-1.1.14.f0fee9\framework\YiiBase.php:427)
Stack trace:
#0 C:\apps\xampp\htdocs\scheduler\protected\controllers\SiteController.php(4): spl_autoload_call()
#1 C:\apps\yii-1.1.14.f0fee9\framework\web\CWebApplication.php(354): require()
#2 C:\apps\yii-1.1.14.f0fee9\framework\web\CWebApplication.php(276): CWebApplication->createController()
#3 C:\apps\yii-1.1.14.f0fee9\framework\web\CWebApplication.php(141): CWebApplication->runController()
#4 C:\apps\yii-1.1.14.f0fee9\framework\base\CApplication.php(180): CWebApplication->processRequest()
#5 C:\apps\xampp\htdocs\scheduler\index.php(13): CWebApplication->run()
REQUEST_URI=/scheduler/index.php?r=site/login
in C:\apps\xampp\htdocs\scheduler\protected\controllers\SiteController.php (4)
in C:\apps\xampp\htdocs\scheduler\index.php (13)
2013/10/24 06:30:59 [error] [php] Undefined index: r (C:\apps\xampp\htdocs\scheduler\protected\components\RequireLogin.php:11)
Stack trace:
#0 C:\apps\yii-1.1.14.f0fee9\framework\base\CApplication.php(178): CWebApplication->onBeginRequest()
#1 C:\apps\xampp\htdocs\scheduler\index.php(13): CWebApplication->run()
REQUEST_URI=/scheduler/index.php
in C:\apps\xampp\htdocs\scheduler\protected\components\RequireLogin.php (11)
in C:\apps\xampp\htdocs\scheduler\index.php (13)
2013/10/24 06:31:10 [error] [php] Undefined index: r (C:\apps\xampp\htdocs\scheduler\protected\components\RequireLogin.php:11)
Stack trace:
#0 C:\apps\yii-1.1.14.f0fee9\framework\base\CApplication.php(178): CWebApplication->onBeginRequest()
#1 C:\apps\xampp\htdocs\scheduler\index.php(13): CWebApplication->run()
REQUEST_URI=/scheduler/index.php
in C:\apps\xampp\htdocs\scheduler\protected\components\RequireLogin.php (11)
in C:\apps\xampp\htdocs\scheduler\index.php (13)
2013/10/24 06:31:17 [error] [php] Undefined index: r (C:\apps\xampp\htdocs\scheduler\protected\components\RequireLogin.php:11)
Stack trace:
#0 C:\apps\yii-1.1.14.f0fee9\framework\base\CApplication.php(178): CWebApplication->onBeginRequest()
#1 C:\apps\xampp\htdocs\scheduler\index.php(13): CWebApplication->run()
REQUEST_URI=/scheduler/index.php
in C:\apps\xampp\htdocs\scheduler\protected\components\RequireLogin.php (11)
in C:\apps\xampp\htdocs\scheduler\index.php (13)
2013/10/24 06:31:26 [error] [php] Undefined index: r (C:\apps\xampp\htdocs\scheduler\protected\components\RequireLogin.php:11)
Stack trace:
#0 C:\apps\yii-1.1.14.f0fee9\framework\base\CApplication.php(178): CWebApplication->onBeginRequest()
#1 C:\apps\xampp\htdocs\scheduler\index.php(13): CWebApplication->run()
REQUEST_URI=/scheduler/index.php
in C:\apps\xampp\htdocs\scheduler\protected\components\RequireLogin.php (11)
in C:\apps\xampp\htdocs\scheduler\index.php (13)
2013/10/24 06:31:27 [error] [php] Undefined index: r (C:\apps\xampp\htdocs\scheduler\protected\components\RequireLogin.php:11)
Stack trace:
#0 C:\apps\yii-1.1.14.f0fee9\framework\base\CApplication.php(178): CWebApplication->onBeginRequest()
#1 C:\apps\xampp\htdocs\scheduler\index.php(13): CWebApplication->run()
REQUEST_URI=/scheduler/index.php
in C:\apps\xampp\htdocs\scheduler\protected\components\RequireLogin.php (11)
in C:\apps\xampp\htdocs\scheduler\index.php (13)
2013/10/24 06:31:27 [error] [php] Undefined index: r (C:\apps\xampp\htdocs\scheduler\protected\components\RequireLogin.php:11)
Stack trace:
#0 C:\apps\yii-1.1.14.f0fee9\framework\base\CApplication.php(178): CWebApplication->onBeginRequest()
#1 C:\apps\xampp\htdocs\scheduler\index.php(13): CWebApplication->run()
REQUEST_URI=/scheduler/index.php
in C:\apps\xampp\htdocs\scheduler\protected\components\RequireLogin.php (11)
in C:\apps\xampp\htdocs\scheduler\index.php (13)
2013/10/24 06:31:27 [error] [php] Undefined index: r (C:\apps\xampp\htdocs\scheduler\protected\components\RequireLogin.php:11)
Stack trace:
#0 C:\apps\yii-1.1.14.f0fee9\framework\base\CApplication.php(178): CWebApplication->onBeginRequest()
#1 C:\apps\xampp\htdocs\scheduler\index.php(13): CWebApplication->run()
REQUEST_URI=/scheduler/index.php
in C:\apps\xampp\htdocs\scheduler\protected\components\RequireLogin.php (11)
in C:\apps\xampp\htdocs\scheduler\index.php (13)
2013/10/24 06:31:27 [error] [php] Undefined index: r (C:\apps\xampp\htdocs\scheduler\protected\components\RequireLogin.php:11)
Stack trace:
#0 C:\apps\yii-1.1.14.f0fee9\framework\base\CApplication.php(178): CWebApplication->onBeginRequest()
#1 C:\apps\xampp\htdocs\scheduler\index.php(13): CWebApplication->run()
REQUEST_URI=/scheduler/index.php
in C:\apps\xampp\htdocs\scheduler\protected\components\RequireLogin.php (11)
in C:\apps\xampp\htdocs\scheduler\index.php (13)
2013/10/24 06:31:28 [error] [php] Undefined index: r (C:\apps\xampp\htdocs\scheduler\protected\components\RequireLogin.php:11)
Stack trace:
#0 C:\apps\yii-1.1.14.f0fee9\framework\base\CApplication.php(178): CWebApplication->onBeginRequest()
#1 C:\apps\xampp\htdocs\scheduler\index.php(13): CWebApplication->run()
REQUEST_URI=/scheduler/index.php
in C:\apps\xampp\htdocs\scheduler\protected\components\RequireLogin.php (11)
in C:\apps\xampp\htdocs\scheduler\index.php (13)
2013/10/24 06:33:09 [error] [php] Undefined index: r (C:\apps\xampp\htdocs\scheduler\protected\components\RequireLogin.php:11)
Stack trace:
#0 C:\apps\yii-1.1.14.f0fee9\framework\base\CApplication.php(178): CWebApplication->onBeginRequest()
#1 C:\apps\xampp\htdocs\scheduler\index.php(13): CWebApplication->run()
REQUEST_URI=/scheduler/index.php
in C:\apps\xampp\htdocs\scheduler\protected\components\RequireLogin.php (11)
in C:\apps\xampp\htdocs\scheduler\index.php (13)
2013/10/24 06:34:07 [error] [php] include(Controller.php): failed to open stream: No such file or directory (C:\apps\yii-1.1.14.f0fee9\framework\YiiBase.php:427)
Stack trace:
#0 C:\apps\xampp\htdocs\scheduler\protected\controllers\SiteController.php(4): spl_autoload_call()
#1 C:\apps\yii-1.1.14.f0fee9\framework\web\CWebApplication.php(354): require()
#2 C:\apps\yii-1.1.14.f0fee9\framework\web\CWebApplication.php(276): CWebApplication->createController()
#3 C:\apps\yii-1.1.14.f0fee9\framework\web\CWebApplication.php(141): CWebApplication->runController()
#4 C:\apps\yii-1.1.14.f0fee9\framework\base\CApplication.php(180): CWebApplication->processRequest()
#5 C:\apps\xampp\htdocs\scheduler\index.php(13): CWebApplication->run()
REQUEST_URI=/scheduler/index.php
in C:\apps\xampp\htdocs\scheduler\protected\controllers\SiteController.php (4)
in C:\apps\xampp\htdocs\scheduler\index.php (13)
2013/10/24 06:34:09 [error] [php] include(Controller.php): failed to open stream: No such file or directory (C:\apps\yii-1.1.14.f0fee9\framework\YiiBase.php:427)
Stack trace:
#0 C:\apps\xampp\htdocs\scheduler\protected\controllers\SiteController.php(4): spl_autoload_call()
#1 C:\apps\yii-1.1.14.f0fee9\framework\web\CWebApplication.php(354): require()
#2 C:\apps\yii-1.1.14.f0fee9\framework\web\CWebApplication.php(276): CWebApplication->createController()
#3 C:\apps\yii-1.1.14.f0fee9\framework\web\CWebApplication.php(141): CWebApplication->runController()
#4 C:\apps\yii-1.1.14.f0fee9\framework\base\CApplication.php(180): CWebApplication->processRequest()
#5 C:\apps\xampp\htdocs\scheduler\index.php(13): CWebApplication->run()
REQUEST_URI=/scheduler/index.php
in C:\apps\xampp\htdocs\scheduler\protected\controllers\SiteController.php (4)
in C:\apps\xampp\htdocs\scheduler\index.php (13)
2013/10/24 06:34:09 [error] [php] include(Controller.php): failed to open stream: No such file or directory (C:\apps\yii-1.1.14.f0fee9\framework\YiiBase.php:427)
Stack trace:
#0 C:\apps\xampp\htdocs\scheduler\protected\controllers\SiteController.php(4): spl_autoload_call()
#1 C:\apps\yii-1.1.14.f0fee9\framework\web\CWebApplication.php(354): require()
#2 C:\apps\yii-1.1.14.f0fee9\framework\web\CWebApplication.php(276): CWebApplication->createController()
#3 C:\apps\yii-1.1.14.f0fee9\framework\web\CWebApplication.php(141): CWebApplication->runController()
#4 C:\apps\yii-1.1.14.f0fee9\framework\base\CApplication.php(180): CWebApplication->processRequest()
#5 C:\apps\xampp\htdocs\scheduler\index.php(13): CWebApplication->run()
REQUEST_URI=/scheduler/index.php
in C:\apps\xampp\htdocs\scheduler\protected\controllers\SiteController.php (4)
in C:\apps\xampp\htdocs\scheduler\index.php (13)
2013/10/24 06:34:29 [error] [php] include(Controller.php): failed to open stream: No such file or directory (C:\apps\yii-1.1.14.f0fee9\framework\YiiBase.php:427)
Stack trace:
#0 C:\apps\xampp\htdocs\scheduler\protected\controllers\SiteController.php(4): spl_autoload_call()
#1 C:\apps\yii-1.1.14.f0fee9\framework\web\CWebApplication.php(354): require()
#2 C:\apps\yii-1.1.14.f0fee9\framework\web\CWebApplication.php(276): CWebApplication->createController()
#3 C:\apps\yii-1.1.14.f0fee9\framework\web\CWebApplication.php(141): CWebApplication->runController()
#4 C:\apps\yii-1.1.14.f0fee9\framework\base\CApplication.php(180): CWebApplication->processRequest()
#5 C:\apps\xampp\htdocs\scheduler\index.php(13): CWebApplication->run()
REQUEST_URI=/scheduler/index.php
in C:\apps\xampp\htdocs\scheduler\protected\controllers\SiteController.php (4)
in C:\apps\xampp\htdocs\scheduler\index.php (13)
2013/10/24 06:34:29 [error] [php] include(Controller.php): failed to open stream: No such file or directory (C:\apps\yii-1.1.14.f0fee9\framework\YiiBase.php:427)
Stack trace:
#0 C:\apps\xampp\htdocs\scheduler\protected\controllers\SiteController.php(4): spl_autoload_call()
#1 C:\apps\yii-1.1.14.f0fee9\framework\web\CWebApplication.php(354): require()
#2 C:\apps\yii-1.1.14.f0fee9\framework\web\CWebApplication.php(276): CWebApplication->createController()
#3 C:\apps\yii-1.1.14.f0fee9\framework\web\CWebApplication.php(141): CWebApplication->runController()
#4 C:\apps\yii-1.1.14.f0fee9\framework\base\CApplication.php(180): CWebApplication->processRequest()
#5 C:\apps\xampp\htdocs\scheduler\index.php(13): CWebApplication->run()
REQUEST_URI=/scheduler/index.php
in C:\apps\xampp\htdocs\scheduler\protected\controllers\SiteController.php (4)
in C:\apps\xampp\htdocs\scheduler\index.php (13)
2013/10/24 06:34:29 [error] [php] include(Controller.php): failed to open stream: No such file or directory (C:\apps\yii-1.1.14.f0fee9\framework\YiiBase.php:427)
Stack trace:
#0 C:\apps\xampp\htdocs\scheduler\protected\controllers\SiteController.php(4): spl_autoload_call()
#1 C:\apps\yii-1.1.14.f0fee9\framework\web\CWebApplication.php(354): require()
#2 C:\apps\yii-1.1.14.f0fee9\framework\web\CWebApplication.php(276): CWebApplication->createController()
#3 C:\apps\yii-1.1.14.f0fee9\framework\web\CWebApplication.php(141): CWebApplication->runController()
#4 C:\apps\yii-1.1.14.f0fee9\framework\base\CApplication.php(180): CWebApplication->processRequest()
#5 C:\apps\xampp\htdocs\scheduler\index.php(13): CWebApplication->run()
REQUEST_URI=/scheduler/index.php
in C:\apps\xampp\htdocs\scheduler\protected\controllers\SiteController.php (4)
in C:\apps\xampp\htdocs\scheduler\index.php (13)
2013/10/24 06:34:29 [error] [php] include(Controller.php): failed to open stream: No such file or directory (C:\apps\yii-1.1.14.f0fee9\framework\YiiBase.php:427)
Stack trace:
#0 C:\apps\xampp\htdocs\scheduler\protected\controllers\SiteController.php(4): spl_autoload_call()
#1 C:\apps\yii-1.1.14.f0fee9\framework\web\CWebApplication.php(354): require()
#2 C:\apps\yii-1.1.14.f0fee9\framework\web\CWebApplication.php(276): CWebApplication->createController()
#3 C:\apps\yii-1.1.14.f0fee9\framework\web\CWebApplication.php(141): CWebApplication->runController()
#4 C:\apps\yii-1.1.14.f0fee9\framework\base\CApplication.php(180): CWebApplication->processRequest()
#5 C:\apps\xampp\htdocs\scheduler\index.php(13): CWebApplication->run()
REQUEST_URI=/scheduler/index.php
in C:\apps\xampp\htdocs\scheduler\protected\controllers\SiteController.php (4)
in C:\apps\xampp\htdocs\scheduler\index.php (13)
2013/10/24 06:34:30 [error] [php] include(Controller.php): failed to open stream: No such file or directory (C:\apps\yii-1.1.14.f0fee9\framework\YiiBase.php:427)
Stack trace:
#0 C:\apps\xampp\htdocs\scheduler\protected\controllers\SiteController.php(4): spl_autoload_call()
#1 C:\apps\yii-1.1.14.f0fee9\framework\web\CWebApplication.php(354): require()
#2 C:\apps\yii-1.1.14.f0fee9\framework\web\CWebApplication.php(276): CWebApplication->createController()
#3 C:\apps\yii-1.1.14.f0fee9\framework\web\CWebApplication.php(141): CWebApplication->runController()
#4 C:\apps\yii-1.1.14.f0fee9\framework\base\CApplication.php(180): CWebApplication->processRequest()
#5 C:\apps\xampp\htdocs\scheduler\index.php(13): CWebApplication->run()
REQUEST_URI=/scheduler/index.php
in C:\apps\xampp\htdocs\scheduler\protected\controllers\SiteController.php (4)
in C:\apps\xampp\htdocs\scheduler\index.php (13)
2013/10/24 06:34:30 [error] [php] include(Controller.php): failed to open stream: No such file or directory (C:\apps\yii-1.1.14.f0fee9\framework\YiiBase.php:427)
Stack trace:
#0 C:\apps\xampp\htdocs\scheduler\protected\controllers\SiteController.php(4): spl_autoload_call()
#1 C:\apps\yii-1.1.14.f0fee9\framework\web\CWebApplication.php(354): require()
#2 C:\apps\yii-1.1.14.f0fee9\framework\web\CWebApplication.php(276): CWebApplication->createController()
#3 C:\apps\yii-1.1.14.f0fee9\framework\web\CWebApplication.php(141): CWebApplication->runController()
#4 C:\apps\yii-1.1.14.f0fee9\framework\base\CApplication.php(180): CWebApplication->processRequest()
#5 C:\apps\xampp\htdocs\scheduler\index.php(13): CWebApplication->run()
REQUEST_URI=/scheduler/index.php
in C:\apps\xampp\htdocs\scheduler\protected\controllers\SiteController.php (4)
in C:\apps\xampp\htdocs\scheduler\index.php (13)
2013/10/24 06:34:31 [error] [php] include(Controller.php): failed to open stream: No such file or directory (C:\apps\yii-1.1.14.f0fee9\framework\YiiBase.php:427)
Stack trace:
#0 C:\apps\xampp\htdocs\scheduler\protected\controllers\SiteController.php(4): spl_autoload_call()
#1 C:\apps\yii-1.1.14.f0fee9\framework\web\CWebApplication.php(354): require()
#2 C:\apps\yii-1.1.14.f0fee9\framework\web\CWebApplication.php(276): CWebApplication->createController()
#3 C:\apps\yii-1.1.14.f0fee9\framework\web\CWebApplication.php(141): CWebApplication->runController()
#4 C:\apps\yii-1.1.14.f0fee9\framework\base\CApplication.php(180): CWebApplication->processRequest()
#5 C:\apps\xampp\htdocs\scheduler\index.php(13): CWebApplication->run()
REQUEST_URI=/scheduler/index.php
in C:\apps\xampp\htdocs\scheduler\protected\controllers\SiteController.php (4)
in C:\apps\xampp\htdocs\scheduler\index.php (13)
2013/10/24 06:34:31 [error] [php] include(Controller.php): failed to open stream: No such file or directory (C:\apps\yii-1.1.14.f0fee9\framework\YiiBase.php:427)
Stack trace:
#0 C:\apps\xampp\htdocs\scheduler\protected\controllers\SiteController.php(4): spl_autoload_call()
#1 C:\apps\yii-1.1.14.f0fee9\framework\web\CWebApplication.php(354): require()
#2 C:\apps\yii-1.1.14.f0fee9\framework\web\CWebApplication.php(276): CWebApplication->createController()
#3 C:\apps\yii-1.1.14.f0fee9\framework\web\CWebApplication.php(141): CWebApplication->runController()
#4 C:\apps\yii-1.1.14.f0fee9\framework\base\CApplication.php(180): CWebApplication->processRequest()
#5 C:\apps\xampp\htdocs\scheduler\index.php(13): CWebApplication->run()
REQUEST_URI=/scheduler/index.php
in C:\apps\xampp\htdocs\scheduler\protected\controllers\SiteController.php (4)
in C:\apps\xampp\htdocs\scheduler\index.php (13)
2013/10/24 06:35:06 [error] [php] include(Controller.php): failed to open stream: No such file or directory (C:\apps\yii-1.1.14.f0fee9\framework\YiiBase.php:427)
Stack trace:
#0 C:\apps\xampp\htdocs\scheduler\protected\controllers\SiteController.php(4): spl_autoload_call()
#1 C:\apps\yii-1.1.14.f0fee9\framework\web\CWebApplication.php(354): require()
#2 C:\apps\yii-1.1.14.f0fee9\framework\web\CWebApplication.php(276): CWebApplication->createController()
#3 C:\apps\yii-1.1.14.f0fee9\framework\web\CWebApplication.php(141): CWebApplication->runController()
#4 C:\apps\yii-1.1.14.f0fee9\framework\base\CApplication.php(180): CWebApplication->processRequest()
#5 C:\apps\xampp\htdocs\scheduler\index.php(13): CWebApplication->run()
REQUEST_URI=/scheduler/index.php
in C:\apps\xampp\htdocs\scheduler\protected\controllers\SiteController.php (4)
in C:\apps\xampp\htdocs\scheduler\index.php (13)
2013/10/24 06:35:07 [error] [php] include(Controller.php): failed to open stream: No such file or directory (C:\apps\yii-1.1.14.f0fee9\framework\YiiBase.php:427)
Stack trace:
#0 C:\apps\xampp\htdocs\scheduler\protected\controllers\SiteController.php(4): spl_autoload_call()
#1 C:\apps\yii-1.1.14.f0fee9\framework\web\CWebApplication.php(354): require()
#2 C:\apps\yii-1.1.14.f0fee9\framework\web\CWebApplication.php(276): CWebApplication->createController()
#3 C:\apps\yii-1.1.14.f0fee9\framework\web\CWebApplication.php(141): CWebApplication->runController()
#4 C:\apps\yii-1.1.14.f0fee9\framework\base\CApplication.php(180): CWebApplication->processRequest()
#5 C:\apps\xampp\htdocs\scheduler\index.php(13): CWebApplication->run()
REQUEST_URI=/scheduler/index.php
in C:\apps\xampp\htdocs\scheduler\protected\controllers\SiteController.php (4)
in C:\apps\xampp\htdocs\scheduler\index.php (13)
2013/10/24 06:35:08 [error] [php] include(Controller.php): failed to open stream: No such file or directory (C:\apps\yii-1.1.14.f0fee9\framework\YiiBase.php:427)
Stack trace:
#0 C:\apps\xampp\htdocs\scheduler\protected\controllers\SiteController.php(4): spl_autoload_call()
#1 C:\apps\yii-1.1.14.f0fee9\framework\web\CWebApplication.php(354): require()
#2 C:\apps\yii-1.1.14.f0fee9\framework\web\CWebApplication.php(276): CWebApplication->createController()
#3 C:\apps\yii-1.1.14.f0fee9\framework\web\CWebApplication.php(141): CWebApplication->runController()
#4 C:\apps\yii-1.1.14.f0fee9\framework\base\CApplication.php(180): CWebApplication->processRequest()
#5 C:\apps\xampp\htdocs\scheduler\index.php(13): CWebApplication->run()
REQUEST_URI=/scheduler/index.php
in C:\apps\xampp\htdocs\scheduler\protected\controllers\SiteController.php (4)
in C:\apps\xampp\htdocs\scheduler\index.php (13)
2013/10/24 06:35:25 [error] [php] include(Controller.php): failed to open stream: No such file or directory (C:\apps\yii-1.1.14.f0fee9\framework\YiiBase.php:427)
Stack trace:
#0 C:\apps\xampp\htdocs\scheduler\protected\controllers\SiteController.php(4): spl_autoload_call()
#1 C:\apps\yii-1.1.14.f0fee9\framework\web\CWebApplication.php(354): require()
#2 C:\apps\yii-1.1.14.f0fee9\framework\web\CWebApplication.php(276): CWebApplication->createController()
#3 C:\apps\yii-1.1.14.f0fee9\framework\web\CWebApplication.php(141): CWebApplication->runController()
#4 C:\apps\yii-1.1.14.f0fee9\framework\base\CApplication.php(180): CWebApplication->processRequest()
#5 C:\apps\xampp\htdocs\scheduler\index.php(13): CWebApplication->run()
REQUEST_URI=/scheduler/index.php?r=site/login
in C:\apps\xampp\htdocs\scheduler\protected\controllers\SiteController.php (4)
in C:\apps\xampp\htdocs\scheduler\index.php (13)
2013/10/24 06:35:35 [error] [php] include(Controller.php): failed to open stream: No such file or directory (C:\apps\yii-1.1.14.f0fee9\framework\YiiBase.php:427)
Stack trace:
#0 C:\apps\xampp\htdocs\scheduler\protected\controllers\SiteController.php(4): spl_autoload_call()
#1 C:\apps\yii-1.1.14.f0fee9\framework\web\CWebApplication.php(354): require()
#2 C:\apps\yii-1.1.14.f0fee9\framework\web\CWebApplication.php(276): CWebApplication->createController()
#3 C:\apps\yii-1.1.14.f0fee9\framework\web\CWebApplication.php(141): CWebApplication->runController()
#4 C:\apps\yii-1.1.14.f0fee9\framework\base\CApplication.php(180): CWebApplication->processRequest()
#5 C:\apps\xampp\htdocs\scheduler\index.php(13): CWebApplication->run()
REQUEST_URI=/scheduler/index.php?r=site/login
in C:\apps\xampp\htdocs\scheduler\protected\controllers\SiteController.php (4)
in C:\apps\xampp\htdocs\scheduler\index.php (13)
2013/10/24 06:35:36 [error] [php] include(Controller.php): failed to open stream: No such file or directory (C:\apps\yii-1.1.14.f0fee9\framework\YiiBase.php:427)
Stack trace:
#0 C:\apps\xampp\htdocs\scheduler\protected\controllers\SiteController.php(4): spl_autoload_call()
#1 C:\apps\yii-1.1.14.f0fee9\framework\web\CWebApplication.php(354): require()
#2 C:\apps\yii-1.1.14.f0fee9\framework\web\CWebApplication.php(276): CWebApplication->createController()
#3 C:\apps\yii-1.1.14.f0fee9\framework\web\CWebApplication.php(141): CWebApplication->runController()
#4 C:\apps\yii-1.1.14.f0fee9\framework\base\CApplication.php(180): CWebApplication->processRequest()
#5 C:\apps\xampp\htdocs\scheduler\index.php(13): CWebApplication->run()
REQUEST_URI=/scheduler/index.php?r=site/login
in C:\apps\xampp\htdocs\scheduler\protected\controllers\SiteController.php (4)
in C:\apps\xampp\htdocs\scheduler\index.php (13)
2013/10/24 06:35:36 [error] [php] include(Controller.php): failed to open stream: No such file or directory (C:\apps\yii-1.1.14.f0fee9\framework\YiiBase.php:427)
Stack trace:
#0 C:\apps\xampp\htdocs\scheduler\protected\controllers\SiteController.php(4): spl_autoload_call()
#1 C:\apps\yii-1.1.14.f0fee9\framework\web\CWebApplication.php(354): require()
#2 C:\apps\yii-1.1.14.f0fee9\framework\web\CWebApplication.php(276): CWebApplication->createController()
#3 C:\apps\yii-1.1.14.f0fee9\framework\web\CWebApplication.php(141): CWebApplication->runController()
#4 C:\apps\yii-1.1.14.f0fee9\framework\base\CApplication.php(180): CWebApplication->processRequest()
#5 C:\apps\xampp\htdocs\scheduler\index.php(13): CWebApplication->run()
REQUEST_URI=/scheduler/index.php?r=site/login
in C:\apps\xampp\htdocs\scheduler\protected\controllers\SiteController.php (4)
in C:\apps\xampp\htdocs\scheduler\index.php (13)
2013/10/24 06:36:45 [error] [php] include(Controller.php): failed to open stream: No such file or directory (C:\apps\yii-1.1.14.f0fee9\framework\YiiBase.php:427)
Stack trace:
#0 C:\apps\xampp\htdocs\scheduler\protected\controllers\SiteController.php(4): spl_autoload_call()
#1 C:\apps\yii-1.1.14.f0fee9\framework\web\CWebApplication.php(354): require()
#2 C:\apps\yii-1.1.14.f0fee9\framework\web\CWebApplication.php(276): CWebApplication->createController()
#3 C:\apps\yii-1.1.14.f0fee9\framework\web\CWebApplication.php(141): CWebApplication->runController()
#4 C:\apps\yii-1.1.14.f0fee9\framework\base\CApplication.php(180): CWebApplication->processRequest()
#5 C:\apps\xampp\htdocs\scheduler\index.php(13): CWebApplication->run()
REQUEST_URI=/scheduler/index.php?r=site/login
in C:\apps\xampp\htdocs\scheduler\protected\controllers\SiteController.php (4)
in C:\apps\xampp\htdocs\scheduler\index.php (13)
2013/10/24 06:36:46 [error] [php] include(Controller.php): failed to open stream: No such file or directory (C:\apps\yii-1.1.14.f0fee9\framework\YiiBase.php:427)
Stack trace:
#0 C:\apps\xampp\htdocs\scheduler\protected\controllers\SiteController.php(4): spl_autoload_call()
#1 C:\apps\yii-1.1.14.f0fee9\framework\web\CWebApplication.php(354): require()
#2 C:\apps\yii-1.1.14.f0fee9\framework\web\CWebApplication.php(276): CWebApplication->createController()
#3 C:\apps\yii-1.1.14.f0fee9\framework\web\CWebApplication.php(141): CWebApplication->runController()
#4 C:\apps\yii-1.1.14.f0fee9\framework\base\CApplication.php(180): CWebApplication->processRequest()
#5 C:\apps\xampp\htdocs\scheduler\index.php(13): CWebApplication->run()
REQUEST_URI=/scheduler/index.php?r=site/login
in C:\apps\xampp\htdocs\scheduler\protected\controllers\SiteController.php (4)
in C:\apps\xampp\htdocs\scheduler\index.php (13)
2013/10/24 06:36:46 [error] [php] include(Controller.php): failed to open stream: No such file or directory (C:\apps\yii-1.1.14.f0fee9\framework\YiiBase.php:427)
Stack trace:
#0 C:\apps\xampp\htdocs\scheduler\protected\controllers\SiteController.php(4): spl_autoload_call()
#1 C:\apps\yii-1.1.14.f0fee9\framework\web\CWebApplication.php(354): require()
#2 C:\apps\yii-1.1.14.f0fee9\framework\web\CWebApplication.php(276): CWebApplication->createController()
#3 C:\apps\yii-1.1.14.f0fee9\framework\web\CWebApplication.php(141): CWebApplication->runController()
#4 C:\apps\yii-1.1.14.f0fee9\framework\base\CApplication.php(180): CWebApplication->processRequest()
#5 C:\apps\xampp\htdocs\scheduler\index.php(13): CWebApplication->run()
REQUEST_URI=/scheduler/index.php?r=site/login
in C:\apps\xampp\htdocs\scheduler\protected\controllers\SiteController.php (4)
in C:\apps\xampp\htdocs\scheduler\index.php (13)
2013/10/24 06:36:46 [error] [php] include(Controller.php): failed to open stream: No such file or directory (C:\apps\yii-1.1.14.f0fee9\framework\YiiBase.php:427)
Stack trace:
#0 C:\apps\xampp\htdocs\scheduler\protected\controllers\SiteController.php(4): spl_autoload_call()
#1 C:\apps\yii-1.1.14.f0fee9\framework\web\CWebApplication.php(354): require()
#2 C:\apps\yii-1.1.14.f0fee9\framework\web\CWebApplication.php(276): CWebApplication->createController()
#3 C:\apps\yii-1.1.14.f0fee9\framework\web\CWebApplication.php(141): CWebApplication->runController()
#4 C:\apps\yii-1.1.14.f0fee9\framework\base\CApplication.php(180): CWebApplication->processRequest()
#5 C:\apps\xampp\htdocs\scheduler\index.php(13): CWebApplication->run()
REQUEST_URI=/scheduler/index.php?r=site/login
in C:\apps\xampp\htdocs\scheduler\protected\controllers\SiteController.php (4)
in C:\apps\xampp\htdocs\scheduler\index.php (13)
2013/10/24 06:36:47 [error] [php] include(Controller.php): failed to open stream: No such file or directory (C:\apps\yii-1.1.14.f0fee9\framework\YiiBase.php:427)
Stack trace:
#0 C:\apps\xampp\htdocs\scheduler\protected\controllers\SiteController.php(4): spl_autoload_call()
#1 C:\apps\yii-1.1.14.f0fee9\framework\web\CWebApplication.php(354): require()
#2 C:\apps\yii-1.1.14.f0fee9\framework\web\CWebApplication.php(276): CWebApplication->createController()
#3 C:\apps\yii-1.1.14.f0fee9\framework\web\CWebApplication.php(141): CWebApplication->runController()
#4 C:\apps\yii-1.1.14.f0fee9\framework\base\CApplication.php(180): CWebApplication->processRequest()
#5 C:\apps\xampp\htdocs\scheduler\index.php(13): CWebApplication->run()
REQUEST_URI=/scheduler/index.php?r=site/login
in C:\apps\xampp\htdocs\scheduler\protected\controllers\SiteController.php (4)
in C:\apps\xampp\htdocs\scheduler\index.php (13)
2013/10/24 06:36:47 [error] [php] include(Controller.php): failed to open stream: No such file or directory (C:\apps\yii-1.1.14.f0fee9\framework\YiiBase.php:427)
Stack trace:
#0 C:\apps\xampp\htdocs\scheduler\protected\controllers\SiteController.php(4): spl_autoload_call()
#1 C:\apps\yii-1.1.14.f0fee9\framework\web\CWebApplication.php(354): require()
#2 C:\apps\yii-1.1.14.f0fee9\framework\web\CWebApplication.php(276): CWebApplication->createController()
#3 C:\apps\yii-1.1.14.f0fee9\framework\web\CWebApplication.php(141): CWebApplication->runController()
#4 C:\apps\yii-1.1.14.f0fee9\framework\base\CApplication.php(180): CWebApplication->processRequest()
#5 C:\apps\xampp\htdocs\scheduler\index.php(13): CWebApplication->run()
REQUEST_URI=/scheduler/index.php?r=site/login
in C:\apps\xampp\htdocs\scheduler\protected\controllers\SiteController.php (4)
in C:\apps\xampp\htdocs\scheduler\index.php (13)
2013/10/24 06:36:47 [error] [php] include(Controller.php): failed to open stream: No such file or directory (C:\apps\yii-1.1.14.f0fee9\framework\YiiBase.php:427)
Stack trace:
#0 C:\apps\xampp\htdocs\scheduler\protected\controllers\SiteController.php(4): spl_autoload_call()
#1 C:\apps\yii-1.1.14.f0fee9\framework\web\CWebApplication.php(354): require()
#2 C:\apps\yii-1.1.14.f0fee9\framework\web\CWebApplication.php(276): CWebApplication->createController()
#3 C:\apps\yii-1.1.14.f0fee9\framework\web\CWebApplication.php(141): CWebApplication->runController()
#4 C:\apps\yii-1.1.14.f0fee9\framework\base\CApplication.php(180): CWebApplication->processRequest()
#5 C:\apps\xampp\htdocs\scheduler\index.php(13): CWebApplication->run()
REQUEST_URI=/scheduler/index.php?r=site/login
in C:\apps\xampp\htdocs\scheduler\protected\controllers\SiteController.php (4)
in C:\apps\xampp\htdocs\scheduler\index.php (13)
2013/10/24 06:36:48 [error] [php] include(Controller.php): failed to open stream: No such file or directory (C:\apps\yii-1.1.14.f0fee9\framework\YiiBase.php:427)
Stack trace:
#0 C:\apps\xampp\htdocs\scheduler\protected\controllers\SiteController.php(4): spl_autoload_call()
#1 C:\apps\yii-1.1.14.f0fee9\framework\web\CWebApplication.php(354): require()
#2 C:\apps\yii-1.1.14.f0fee9\framework\web\CWebApplication.php(276): CWebApplication->createController()
#3 C:\apps\yii-1.1.14.f0fee9\framework\web\CWebApplication.php(141): CWebApplication->runController()
#4 C:\apps\yii-1.1.14.f0fee9\framework\base\CApplication.php(180): CWebApplication->processRequest()
#5 C:\apps\xampp\htdocs\scheduler\index.php(13): CWebApplication->run()
REQUEST_URI=/scheduler/index.php?r=site/login
in C:\apps\xampp\htdocs\scheduler\protected\controllers\SiteController.php (4)
in C:\apps\xampp\htdocs\scheduler\index.php (13)
2013/10/24 06:37:36 [error] [php] include(LoginForm.php): failed to open stream: No such file or directory (C:\apps\yii-1.1.14.f0fee9\framework\YiiBase.php:427)
Stack trace:
#0 C:\apps\xampp\htdocs\scheduler\protected\controllers\SiteController.php(80): spl_autoload_call()
#1 C:\apps\yii-1.1.14.f0fee9\framework\web\actions\CInlineAction.php(49): SiteController->actionLogin()
#2 C:\apps\yii-1.1.14.f0fee9\framework\web\CController.php(308): CInlineAction->runWithParams()
#3 C:\apps\yii-1.1.14.f0fee9\framework\web\CController.php(286): SiteController->runAction()
#4 C:\apps\yii-1.1.14.f0fee9\framework\web\CController.php(265): SiteController->runActionWithFilters()
#5 C:\apps\yii-1.1.14.f0fee9\framework\web\CWebApplication.php(282): SiteController->run()
#6 C:\apps\yii-1.1.14.f0fee9\framework\web\CWebApplication.php(141): CWebApplication->runController()
#7 C:\apps\yii-1.1.14.f0fee9\framework\base\CApplication.php(180): CWebApplication->processRequest()
#8 C:\apps\xampp\htdocs\scheduler\index.php(13): CWebApplication->run()
REQUEST_URI=/scheduler/index.php?r=site/login
in C:\apps\xampp\htdocs\scheduler\protected\controllers\SiteController.php (80)
in C:\apps\xampp\htdocs\scheduler\index.php (13)
2013/10/24 06:50:13 [error] [php] include(LoginForm.php): failed to open stream: No such file or directory (C:\apps\yii-1.1.14.f0fee9\framework\YiiBase.php:427)
Stack trace:
#0 C:\apps\xampp\htdocs\scheduler\protected\controllers\SiteController.php(80): spl_autoload_call()
#1 C:\apps\yii-1.1.14.f0fee9\framework\web\actions\CInlineAction.php(49): SiteController->actionLogin()
#2 C:\apps\yii-1.1.14.f0fee9\framework\web\CController.php(308): CInlineAction->runWithParams()
#3 C:\apps\yii-1.1.14.f0fee9\framework\web\CController.php(286): SiteController->runAction()
#4 C:\apps\yii-1.1.14.f0fee9\framework\web\CController.php(265): SiteController->runActionWithFilters()
#5 C:\apps\yii-1.1.14.f0fee9\framework\web\CWebApplication.php(282): SiteController->run()
#6 C:\apps\yii-1.1.14.f0fee9\framework\web\CWebApplication.php(141): CWebApplication->runController()
#7 C:\apps\yii-1.1.14.f0fee9\framework\base\CApplication.php(180): CWebApplication->processRequest()
#8 C:\apps\xampp\htdocs\scheduler\index.php(13): CWebApplication->run()
REQUEST_URI=/scheduler/index.php?r=site/login
in C:\apps\xampp\htdocs\scheduler\protected\controllers\SiteController.php (80)
in C:\apps\xampp\htdocs\scheduler\index.php (13)
2013/10/24 06:52:35 [error] [exception.CException] exception 'CException' with message 'Property "SiteController.breadcrumbs" is not defined.' in C:\apps\yii-1.1.14.f0fee9\framework\base\CComponent.php:173
Stack trace:
#0 C:\apps\xampp\htdocs\scheduler\protected\views\site\login.php(7): CComponent->__set('breadcrumbs', Array)
#1 C:\apps\yii-1.1.14.f0fee9\framework\web\CBaseController.php(126): require('C:\apps\xampp\h...')
#2 C:\apps\yii-1.1.14.f0fee9\framework\web\CBaseController.php(95): CBaseController->renderInternal('C:\apps\xampp\h...', Array, true)
#3 C:\apps\yii-1.1.14.f0fee9\framework\web\CController.php(869): CBaseController->renderFile('C:\apps\xampp\h...', Array, true)
#4 C:\apps\yii-1.1.14.f0fee9\framework\web\CController.php(782): CController->renderPartial('login', Array, true)
#5 C:\apps\xampp\htdocs\scheduler\protected\controllers\SiteController.php(98): CController->render('login', Array)
#6 C:\apps\yii-1.1.14.f0fee9\framework\web\actions\CInlineAction.php(49): SiteController->actionLogin()
#7 C:\apps\yii-1.1.14.f0fee9\framework\web\CController.php(308): CInlineAction->runWithParams(Array)
#8 C:\apps\yii-1.1.14.f0fee9\framework\web\CController.php(286): CController->runAction(Object(CInlineAction))
#9 C:\apps\yii-1.1.14.f0fee9\framework\web\CController.php(265): CController->runActionWithFilters(Object(CInlineAction), Array)
#10 C:\apps\yii-1.1.14.f0fee9\framework\web\CWebApplication.php(282): CController->run('login')
#11 C:\apps\yii-1.1.14.f0fee9\framework\web\CWebApplication.php(141): CWebApplication->runController('site/login')
#12 C:\apps\yii-1.1.14.f0fee9\framework\base\CApplication.php(180): CWebApplication->processRequest()
#13 C:\apps\xampp\htdocs\scheduler\index.php(13): CApplication->run()
#14 {main}
REQUEST_URI=/scheduler/index.php?r=site/login
---
2013/10/24 06:55:58 [error] [php] Undefined index: r (C:\apps\xampp\htdocs\scheduler\protected\components\RequireLogin.php:11)
Stack trace:
#0 C:\apps\yii-1.1.14.f0fee9\framework\base\CApplication.php(178): CWebApplication->onBeginRequest()
#1 C:\apps\xampp\htdocs\scheduler\index.php(13): CWebApplication->run()
REQUEST_URI=/scheduler/index.php
in C:\apps\xampp\htdocs\scheduler\protected\components\RequireLogin.php (11)
in C:\apps\xampp\htdocs\scheduler\index.php (13)
2013/10/24 06:56:23 [error] [php] Undefined index: r (C:\apps\xampp\htdocs\scheduler\protected\components\RequireLogin.php:11)
Stack trace:
#0 C:\apps\yii-1.1.14.f0fee9\framework\base\CApplication.php(178): CWebApplication->onBeginRequest()
#1 C:\apps\xampp\htdocs\scheduler\index.php(13): CWebApplication->run()
REQUEST_URI=/scheduler/index.php
in C:\apps\xampp\htdocs\scheduler\protected\components\RequireLogin.php (11)
in C:\apps\xampp\htdocs\scheduler\index.php (13)
2013/10/24 06:57:27 [error] [php] Undefined index: r (C:\apps\xampp\htdocs\scheduler\protected\components\RequireLogin.php:11)
Stack trace:
#0 C:\apps\yii-1.1.14.f0fee9\framework\base\CApplication.php(178): CWebApplication->onBeginRequest()
#1 C:\apps\xampp\htdocs\scheduler\index.php(13): CWebApplication->run()
REQUEST_URI=/scheduler/index.php
in C:\apps\xampp\htdocs\scheduler\protected\components\RequireLogin.php (11)
in C:\apps\xampp\htdocs\scheduler\index.php (13)
2013/10/24 06:58:19 [error] [php] Undefined index: r (C:\apps\xampp\htdocs\scheduler\protected\components\RequireLogin.php:11)
Stack trace:
#0 C:\apps\yii-1.1.14.f0fee9\framework\base\CApplication.php(178): CWebApplication->onBeginRequest()
#1 C:\apps\xampp\htdocs\scheduler\index.php(13): CWebApplication->run()
REQUEST_URI=/scheduler/index.php
in C:\apps\xampp\htdocs\scheduler\protected\components\RequireLogin.php (11)
in C:\apps\xampp\htdocs\scheduler\index.php (13)
2013/10/24 06:58:41 [error] [php] Undefined index: r (C:\apps\xampp\htdocs\scheduler\protected\components\RequireLogin.php:11)
Stack trace:
#0 C:\apps\yii-1.1.14.f0fee9\framework\base\CApplication.php(178): CWebApplication->onBeginRequest()
#1 C:\apps\xampp\htdocs\scheduler\index.php(13): CWebApplication->run()
REQUEST_URI=/scheduler/index.php
in C:\apps\xampp\htdocs\scheduler\protected\components\RequireLogin.php (11)
in C:\apps\xampp\htdocs\scheduler\index.php (13)
2013/10/24 07:03:51 [error] [php] Undefined index: r (C:\apps\xampp\htdocs\scheduler\protected\components\RequireLogin.php:11)
Stack trace:
#0 C:\apps\yii-1.1.14.f0fee9\framework\base\CApplication.php(178): CWebApplication->onBeginRequest()
#1 C:\apps\xampp\htdocs\scheduler\index.php(13): CWebApplication->run()
REQUEST_URI=/scheduler/index.php
in C:\apps\xampp\htdocs\scheduler\protected\components\RequireLogin.php (11)
in C:\apps\xampp\htdocs\scheduler\index.php (13)
2013/11/11 04:58:04 [error] [Message Here...] 
in C:\apps\xampp\htdocs\scheduler\protected\controllers\SiteController.php (34)
in C:\apps\xampp\htdocs\scheduler\index.php (13)
2013/11/11 05:00:38 [error] [exception.CException] exception 'CException' with message 'Property "Schedule.name" is not defined.' in C:\apps\yii-1.1.14.f0fee9\framework\base\CComponent.php:130
Stack trace:
#0 C:\apps\yii-1.1.14.f0fee9\framework\db\ar\CActiveRecord.php(145): CComponent->__get('name')
#1 C:\apps\xampp\htdocs\scheduler\protected\controllers\SiteController.php(35): CActiveRecord->__get('name')
#2 C:\apps\yii-1.1.14.f0fee9\framework\web\actions\CInlineAction.php(49): SiteController->actionIndex()
#3 C:\apps\yii-1.1.14.f0fee9\framework\web\CController.php(308): CInlineAction->runWithParams(Array)
#4 C:\apps\yii-1.1.14.f0fee9\framework\web\CController.php(286): CController->runAction(Object(CInlineAction))
#5 C:\apps\yii-1.1.14.f0fee9\framework\web\CController.php(265): CController->runActionWithFilters(Object(CInlineAction), Array)
#6 C:\apps\yii-1.1.14.f0fee9\framework\web\CWebApplication.php(282): CController->run('')
#7 C:\apps\yii-1.1.14.f0fee9\framework\web\CWebApplication.php(141): CWebApplication->runController('')
#8 C:\apps\yii-1.1.14.f0fee9\framework\base\CApplication.php(180): CWebApplication->processRequest()
#9 C:\apps\xampp\htdocs\scheduler\index.php(13): CApplication->run()
#10 {main}
REQUEST_URI=/scheduler/
---
2013/11/11 05:00:48 [error] [php] log() expects at most 2 parameters, 3 given (C:\apps\xampp\htdocs\scheduler\protected\controllers\SiteController.php:35)
Stack trace:
#0 C:\apps\yii-1.1.14.f0fee9\framework\web\CController.php(308): CInlineAction->runWithParams()
#1 C:\apps\yii-1.1.14.f0fee9\framework\web\CController.php(286): SiteController->runAction()
#2 C:\apps\yii-1.1.14.f0fee9\framework\web\CController.php(265): SiteController->runActionWithFilters()
#3 C:\apps\yii-1.1.14.f0fee9\framework\web\CWebApplication.php(282): SiteController->run()
#4 C:\apps\yii-1.1.14.f0fee9\framework\web\CWebApplication.php(141): CWebApplication->runController()
#5 C:\apps\yii-1.1.14.f0fee9\framework\base\CApplication.php(180): CWebApplication->processRequest()
#6 C:\apps\xampp\htdocs\scheduler\index.php(13): CWebApplication->run()
REQUEST_URI=/scheduler/
in C:\apps\xampp\htdocs\scheduler\protected\controllers\SiteController.php (35)
in C:\apps\xampp\htdocs\scheduler\index.php (13)
2013/11/11 05:01:22 [error] [php] log() expects at most 2 parameters, 3 given (C:\apps\xampp\htdocs\scheduler\protected\controllers\SiteController.php:35)
Stack trace:
#0 C:\apps\yii-1.1.14.f0fee9\framework\web\CController.php(308): CInlineAction->runWithParams()
#1 C:\apps\yii-1.1.14.f0fee9\framework\web\CController.php(286): SiteController->runAction()
#2 C:\apps\yii-1.1.14.f0fee9\framework\web\CController.php(265): SiteController->runActionWithFilters()
#3 C:\apps\yii-1.1.14.f0fee9\framework\web\CWebApplication.php(282): SiteController->run()
#4 C:\apps\yii-1.1.14.f0fee9\framework\web\CWebApplication.php(141): CWebApplication->runController()
#5 C:\apps\yii-1.1.14.f0fee9\framework\base\CApplication.php(180): CWebApplication->processRequest()
#6 C:\apps\xampp\htdocs\scheduler\index.php(13): CWebApplication->run()
REQUEST_URI=/scheduler/
in C:\apps\xampp\htdocs\scheduler\protected\controllers\SiteController.php (35)
in C:\apps\xampp\htdocs\scheduler\index.php (13)
2013/11/11 05:02:06 [error] [php] log() expects parameter 1 to be double, string given (C:\apps\xampp\htdocs\scheduler\protected\controllers\SiteController.php:35)
Stack trace:
#0 C:\apps\yii-1.1.14.f0fee9\framework\web\CController.php(308): CInlineAction->runWithParams()
#1 C:\apps\yii-1.1.14.f0fee9\framework\web\CController.php(286): SiteController->runAction()
#2 C:\apps\yii-1.1.14.f0fee9\framework\web\CController.php(265): SiteController->runActionWithFilters()
#3 C:\apps\yii-1.1.14.f0fee9\framework\web\CWebApplication.php(282): SiteController->run()
#4 C:\apps\yii-1.1.14.f0fee9\framework\web\CWebApplication.php(141): CWebApplication->runController()
#5 C:\apps\yii-1.1.14.f0fee9\framework\base\CApplication.php(180): CWebApplication->processRequest()
#6 C:\apps\xampp\htdocs\scheduler\index.php(13): CWebApplication->run()
REQUEST_URI=/scheduler/
in C:\apps\xampp\htdocs\scheduler\protected\controllers\SiteController.php (35)
in C:\apps\xampp\htdocs\scheduler\index.php (13)
2013/11/11 05:02:27 [error] [php] log() expects at most 2 parameters, 3 given (C:\apps\xampp\htdocs\scheduler\protected\controllers\SiteController.php:35)
Stack trace:
#0 C:\apps\yii-1.1.14.f0fee9\framework\web\CController.php(308): CInlineAction->runWithParams()
#1 C:\apps\yii-1.1.14.f0fee9\framework\web\CController.php(286): SiteController->runAction()
#2 C:\apps\yii-1.1.14.f0fee9\framework\web\CController.php(265): SiteController->runActionWithFilters()
#3 C:\apps\yii-1.1.14.f0fee9\framework\web\CWebApplication.php(282): SiteController->run()
#4 C:\apps\yii-1.1.14.f0fee9\framework\web\CWebApplication.php(141): CWebApplication->runController()
#5 C:\apps\yii-1.1.14.f0fee9\framework\base\CApplication.php(180): CWebApplication->processRequest()
#6 C:\apps\xampp\htdocs\scheduler\index.php(13): CWebApplication->run()
REQUEST_URI=/scheduler/
in C:\apps\xampp\htdocs\scheduler\protected\controllers\SiteController.php (35)
in C:\apps\xampp\htdocs\scheduler\index.php (13)
2013/11/11 05:02:28 [error] [php] log() expects at most 2 parameters, 3 given (C:\apps\xampp\htdocs\scheduler\protected\controllers\SiteController.php:35)
Stack trace:
#0 C:\apps\yii-1.1.14.f0fee9\framework\web\CController.php(308): CInlineAction->runWithParams()
#1 C:\apps\yii-1.1.14.f0fee9\framework\web\CController.php(286): SiteController->runAction()
#2 C:\apps\yii-1.1.14.f0fee9\framework\web\CController.php(265): SiteController->runActionWithFilters()
#3 C:\apps\yii-1.1.14.f0fee9\framework\web\CWebApplication.php(282): SiteController->run()
#4 C:\apps\yii-1.1.14.f0fee9\framework\web\CWebApplication.php(141): CWebApplication->runController()
#5 C:\apps\yii-1.1.14.f0fee9\framework\base\CApplication.php(180): CWebApplication->processRequest()
#6 C:\apps\xampp\htdocs\scheduler\index.php(13): CWebApplication->run()
REQUEST_URI=/scheduler/
in C:\apps\xampp\htdocs\scheduler\protected\controllers\SiteController.php (35)
in C:\apps\xampp\htdocs\scheduler\index.php (13)
2013/11/11 05:02:28 [error] [php] log() expects at most 2 parameters, 3 given (C:\apps\xampp\htdocs\scheduler\protected\controllers\SiteController.php:35)
Stack trace:
#0 C:\apps\yii-1.1.14.f0fee9\framework\web\CController.php(308): CInlineAction->runWithParams()
#1 C:\apps\yii-1.1.14.f0fee9\framework\web\CController.php(286): SiteController->runAction()
#2 C:\apps\yii-1.1.14.f0fee9\framework\web\CController.php(265): SiteController->runActionWithFilters()
#3 C:\apps\yii-1.1.14.f0fee9\framework\web\CWebApplication.php(282): SiteController->run()
#4 C:\apps\yii-1.1.14.f0fee9\framework\web\CWebApplication.php(141): CWebApplication->runController()
#5 C:\apps\yii-1.1.14.f0fee9\framework\base\CApplication.php(180): CWebApplication->processRequest()
#6 C:\apps\xampp\htdocs\scheduler\index.php(13): CWebApplication->run()
REQUEST_URI=/scheduler/
in C:\apps\xampp\htdocs\scheduler\protected\controllers\SiteController.php (35)
in C:\apps\xampp\htdocs\scheduler\index.php (13)
2013/11/11 05:02:28 [error] [php] log() expects at most 2 parameters, 3 given (C:\apps\xampp\htdocs\scheduler\protected\controllers\SiteController.php:35)
Stack trace:
#0 C:\apps\yii-1.1.14.f0fee9\framework\web\CController.php(308): CInlineAction->runWithParams()
#1 C:\apps\yii-1.1.14.f0fee9\framework\web\CController.php(286): SiteController->runAction()
#2 C:\apps\yii-1.1.14.f0fee9\framework\web\CController.php(265): SiteController->runActionWithFilters()
#3 C:\apps\yii-1.1.14.f0fee9\framework\web\CWebApplication.php(282): SiteController->run()
#4 C:\apps\yii-1.1.14.f0fee9\framework\web\CWebApplication.php(141): CWebApplication->runController()
#5 C:\apps\yii-1.1.14.f0fee9\framework\base\CApplication.php(180): CWebApplication->processRequest()
#6 C:\apps\xampp\htdocs\scheduler\index.php(13): CWebApplication->run()
REQUEST_URI=/scheduler/
in C:\apps\xampp\htdocs\scheduler\protected\controllers\SiteController.php (35)
in C:\apps\xampp\htdocs\scheduler\index.php (13)
2013/11/11 05:02:28 [error] [php] log() expects at most 2 parameters, 3 given (C:\apps\xampp\htdocs\scheduler\protected\controllers\SiteController.php:35)
Stack trace:
#0 C:\apps\yii-1.1.14.f0fee9\framework\web\CController.php(308): CInlineAction->runWithParams()
#1 C:\apps\yii-1.1.14.f0fee9\framework\web\CController.php(286): SiteController->runAction()
#2 C:\apps\yii-1.1.14.f0fee9\framework\web\CController.php(265): SiteController->runActionWithFilters()
#3 C:\apps\yii-1.1.14.f0fee9\framework\web\CWebApplication.php(282): SiteController->run()
#4 C:\apps\yii-1.1.14.f0fee9\framework\web\CWebApplication.php(141): CWebApplication->runController()
#5 C:\apps\yii-1.1.14.f0fee9\framework\base\CApplication.php(180): CWebApplication->processRequest()
#6 C:\apps\xampp\htdocs\scheduler\index.php(13): CWebApplication->run()
REQUEST_URI=/scheduler/
in C:\apps\xampp\htdocs\scheduler\protected\controllers\SiteController.php (35)
in C:\apps\xampp\htdocs\scheduler\index.php (13)
2013/11/11 05:02:28 [error] [php] log() expects at most 2 parameters, 3 given (C:\apps\xampp\htdocs\scheduler\protected\controllers\SiteController.php:35)
Stack trace:
#0 C:\apps\yii-1.1.14.f0fee9\framework\web\CController.php(308): CInlineAction->runWithParams()
#1 C:\apps\yii-1.1.14.f0fee9\framework\web\CController.php(286): SiteController->runAction()
#2 C:\apps\yii-1.1.14.f0fee9\framework\web\CController.php(265): SiteController->runActionWithFilters()
#3 C:\apps\yii-1.1.14.f0fee9\framework\web\CWebApplication.php(282): SiteController->run()
#4 C:\apps\yii-1.1.14.f0fee9\framework\web\CWebApplication.php(141): CWebApplication->runController()
#5 C:\apps\yii-1.1.14.f0fee9\framework\base\CApplication.php(180): CWebApplication->processRequest()
#6 C:\apps\xampp\htdocs\scheduler\index.php(13): CWebApplication->run()
REQUEST_URI=/scheduler/
in C:\apps\xampp\htdocs\scheduler\protected\controllers\SiteController.php (35)
in C:\apps\xampp\htdocs\scheduler\index.php (13)
2013/11/11 05:02:29 [error] [php] log() expects at most 2 parameters, 3 given (C:\apps\xampp\htdocs\scheduler\protected\controllers\SiteController.php:35)
Stack trace:
#0 C:\apps\yii-1.1.14.f0fee9\framework\web\CController.php(308): CInlineAction->runWithParams()
#1 C:\apps\yii-1.1.14.f0fee9\framework\web\CController.php(286): SiteController->runAction()
#2 C:\apps\yii-1.1.14.f0fee9\framework\web\CController.php(265): SiteController->runActionWithFilters()
#3 C:\apps\yii-1.1.14.f0fee9\framework\web\CWebApplication.php(282): SiteController->run()
#4 C:\apps\yii-1.1.14.f0fee9\framework\web\CWebApplication.php(141): CWebApplication->runController()
#5 C:\apps\yii-1.1.14.f0fee9\framework\base\CApplication.php(180): CWebApplication->processRequest()
#6 C:\apps\xampp\htdocs\scheduler\index.php(13): CWebApplication->run()
REQUEST_URI=/scheduler/
in C:\apps\xampp\htdocs\scheduler\protected\controllers\SiteController.php (35)
in C:\apps\xampp\htdocs\scheduler\index.php (13)
2013/11/11 05:02:29 [error] [php] log() expects at most 2 parameters, 3 given (C:\apps\xampp\htdocs\scheduler\protected\controllers\SiteController.php:35)
Stack trace:
#0 C:\apps\yii-1.1.14.f0fee9\framework\web\CController.php(308): CInlineAction->runWithParams()
#1 C:\apps\yii-1.1.14.f0fee9\framework\web\CController.php(286): SiteController->runAction()
#2 C:\apps\yii-1.1.14.f0fee9\framework\web\CController.php(265): SiteController->runActionWithFilters()
#3 C:\apps\yii-1.1.14.f0fee9\framework\web\CWebApplication.php(282): SiteController->run()
#4 C:\apps\yii-1.1.14.f0fee9\framework\web\CWebApplication.php(141): CWebApplication->runController()
#5 C:\apps\yii-1.1.14.f0fee9\framework\base\CApplication.php(180): CWebApplication->processRequest()
#6 C:\apps\xampp\htdocs\scheduler\index.php(13): CWebApplication->run()
REQUEST_URI=/scheduler/
in C:\apps\xampp\htdocs\scheduler\protected\controllers\SiteController.php (35)
in C:\apps\xampp\htdocs\scheduler\index.php (13)
2013/11/11 05:02:36 [error] [DataProvider $record->theme] 
in C:\apps\xampp\htdocs\scheduler\protected\controllers\SiteController.php (35)
in C:\apps\xampp\htdocs\scheduler\index.php (13)
2013/11/11 05:02:53 [error] [Shanti Shanti Shanti] 
in C:\apps\xampp\htdocs\scheduler\protected\controllers\SiteController.php (35)
in C:\apps\xampp\htdocs\scheduler\index.php (13)
2013/11/11 05:03:07 [error] [] Shanti Shanti Shanti
in C:\apps\xampp\htdocs\scheduler\protected\controllers\SiteController.php (35)
in C:\apps\xampp\htdocs\scheduler\index.php (13)
2013/11/11 05:03:42 [error] [] 2013-10-27
in C:\apps\xampp\htdocs\scheduler\protected\controllers\SiteController.php (35)
in C:\apps\xampp\htdocs\scheduler\index.php (13)
2013/11/11 05:10:20 [error] [] 2013-10-27
in C:\apps\xampp\htdocs\scheduler\protected\controllers\SiteController.php (35)
in C:\apps\xampp\htdocs\scheduler\index.php (13)
2013/11/11 05:10:20 [error] [php] Undefined variable: dataProvider (C:\apps\xampp\htdocs\scheduler\protected\views\site\index.php:15)
Stack trace:
#0 C:\apps\yii-1.1.14.f0fee9\framework\web\CController.php(869): SiteController->renderFile()
#1 C:\apps\yii-1.1.14.f0fee9\framework\web\CController.php(782): SiteController->renderPartial()
#2 C:\apps\xampp\htdocs\scheduler\protected\controllers\SiteController.php(38): SiteController->render()
#3 C:\apps\yii-1.1.14.f0fee9\framework\web\actions\CInlineAction.php(49): SiteController->actionIndex()
#4 C:\apps\yii-1.1.14.f0fee9\framework\web\CController.php(308): CInlineAction->runWithParams()
#5 C:\apps\yii-1.1.14.f0fee9\framework\web\CController.php(286): SiteController->runAction()
#6 C:\apps\yii-1.1.14.f0fee9\framework\web\CController.php(265): SiteController->runActionWithFilters()
#7 C:\apps\yii-1.1.14.f0fee9\framework\web\CWebApplication.php(282): SiteController->run()
#8 C:\apps\yii-1.1.14.f0fee9\framework\web\CWebApplication.php(141): CWebApplication->runController()
#9 C:\apps\yii-1.1.14.f0fee9\framework\base\CApplication.php(180): CWebApplication->processRequest()
#10 C:\apps\xampp\htdocs\scheduler\index.php(13): CWebApplication->run()
REQUEST_URI=/scheduler/
in C:\apps\xampp\htdocs\scheduler\protected\views\site\index.php (15)
in C:\apps\xampp\htdocs\scheduler\protected\controllers\SiteController.php (38)
in C:\apps\xampp\htdocs\scheduler\index.php (13)
2013/11/11 05:10:33 [error] [] 2013-10-27
in C:\apps\xampp\htdocs\scheduler\protected\controllers\SiteController.php (35)
in C:\apps\xampp\htdocs\scheduler\index.php (13)
2013/11/11 05:18:31 [error] [exception.CHttpException.404] exception 'CHttpException' with message 'The system is unable to find the requested action "view".' in C:\apps\yii-1.1.14.f0fee9\framework\web\CController.php:483
Stack trace:
#0 C:\apps\yii-1.1.14.f0fee9\framework\web\CController.php(270): CController->missingAction('view')
#1 C:\apps\yii-1.1.14.f0fee9\framework\web\CWebApplication.php(282): CController->run('view')
#2 C:\apps\yii-1.1.14.f0fee9\framework\web\CWebApplication.php(141): CWebApplication->runController('site/view')
#3 C:\apps\yii-1.1.14.f0fee9\framework\base\CApplication.php(180): CWebApplication->processRequest()
#4 C:\apps\xampp\htdocs\scheduler\index.php(13): CApplication->run()
#5 {main}
REQUEST_URI=/scheduler/index.php?r=site/view&id=1
HTTP_REFERER=http://localhost/scheduler/
---
2013/11/12 05:51:02 [warning] [application] Failed to set unsafe attribute "theme" of "Schedule".
in C:\apps\xampp\htdocs\scheduler\protected\controllers\SiteController.php (59)
in C:\apps\xampp\htdocs\scheduler\index.php (13)
2013/11/12 05:51:02 [warning] [application] Failed to set unsafe attribute "s_date" of "Schedule".
in C:\apps\xampp\htdocs\scheduler\protected\controllers\SiteController.php (59)
in C:\apps\xampp\htdocs\scheduler\index.php (13)
2013/11/12 05:51:02 [error] [exception.CHttpException.404] exception 'CHttpException' with message 'The system is unable to find the requested action "view".' in C:\apps\yii-1.1.14.f0fee9\framework\web\CController.php:483
Stack trace:
#0 C:\apps\yii-1.1.14.f0fee9\framework\web\CController.php(270): CController->missingAction('view')
#1 C:\apps\yii-1.1.14.f0fee9\framework\web\CWebApplication.php(282): CController->run('view')
#2 C:\apps\yii-1.1.14.f0fee9\framework\web\CWebApplication.php(141): CWebApplication->runController('site/view')
#3 C:\apps\yii-1.1.14.f0fee9\framework\base\CApplication.php(180): CWebApplication->processRequest()
#4 C:\apps\xampp\htdocs\scheduler\index.php(13): CApplication->run()
#5 {main}
REQUEST_URI=/scheduler/index.php?r=site/view&id=5
HTTP_REFERER=http://localhost/scheduler/?r=site/create
---
2013/11/12 05:57:56 [warning] [application] Failed to set unsafe attribute "theme" of "Schedule".
in C:\apps\xampp\htdocs\scheduler\protected\controllers\SiteController.php (59)
in C:\apps\xampp\htdocs\scheduler\index.php (13)
2013/11/12 05:57:56 [warning] [application] Failed to set unsafe attribute "s_date" of "Schedule".
in C:\apps\xampp\htdocs\scheduler\protected\controllers\SiteController.php (59)
in C:\apps\xampp\htdocs\scheduler\index.php (13)
2013/11/12 06:23:09 [warning] [application] Failed to set unsafe attribute "theme" of "Schedule".
in C:\apps\xampp\htdocs\scheduler\protected\controllers\SiteController.php (59)
in C:\apps\xampp\htdocs\scheduler\index.php (13)
2013/11/12 06:23:09 [warning] [application] Failed to set unsafe attribute "s_date" of "Schedule".
in C:\apps\xampp\htdocs\scheduler\protected\controllers\SiteController.php (59)
in C:\apps\xampp\htdocs\scheduler\index.php (13)
2013/11/12 06:40:10 [error] [php] Object of class Schedule could not be converted to string (C:\apps\yii-1.1.14.f0fee9\framework\YiiBase.php:476)
Stack trace:
#0 C:\apps\yii-1.1.14.f0fee9\framework\web\CController.php(308): CInlineAction->runWithParams()
#1 C:\apps\yii-1.1.14.f0fee9\framework\web\CController.php(286): SiteController->runAction()
#2 C:\apps\yii-1.1.14.f0fee9\framework\web\CController.php(265): SiteController->runActionWithFilters()
#3 C:\apps\yii-1.1.14.f0fee9\framework\web\CWebApplication.php(282): SiteController->run()
#4 C:\apps\yii-1.1.14.f0fee9\framework\web\CWebApplication.php(141): CWebApplication->runController()
#5 C:\apps\yii-1.1.14.f0fee9\framework\base\CApplication.php(180): CWebApplication->processRequest()
#6 C:\apps\xampp\htdocs\scheduler\index.php(13): CWebApplication->run()
REQUEST_URI=/scheduler/?r=site/create
in C:\apps\xampp\htdocs\scheduler\protected\controllers\SiteController.php (61)
in C:\apps\xampp\htdocs\scheduler\index.php (13)
2013/11/12 06:40:56 [error] [php] Array to string conversion (C:\apps\yii-1.1.14.f0fee9\framework\YiiBase.php:476)
Stack trace:
#0 C:\apps\yii-1.1.14.f0fee9\framework\web\CController.php(308): CInlineAction->runWithParams()
#1 C:\apps\yii-1.1.14.f0fee9\framework\web\CController.php(286): SiteController->runAction()
#2 C:\apps\yii-1.1.14.f0fee9\framework\web\CController.php(265): SiteController->runActionWithFilters()
#3 C:\apps\yii-1.1.14.f0fee9\framework\web\CWebApplication.php(282): SiteController->run()
#4 C:\apps\yii-1.1.14.f0fee9\framework\web\CWebApplication.php(141): CWebApplication->runController()
#5 C:\apps\yii-1.1.14.f0fee9\framework\base\CApplication.php(180): CWebApplication->processRequest()
#6 C:\apps\xampp\htdocs\scheduler\index.php(13): CWebApplication->run()
REQUEST_URI=/scheduler/?r=site/create
in C:\apps\xampp\htdocs\scheduler\protected\controllers\SiteController.php (61)
in C:\apps\xampp\htdocs\scheduler\index.php (13)
2013/11/12 06:42:14 [error] [] 1
in C:\apps\xampp\htdocs\scheduler\protected\controllers\SiteController.php (61)
in C:\apps\xampp\htdocs\scheduler\index.php (13)
2013/11/12 06:42:35 [error] [test] 1
in C:\apps\xampp\htdocs\scheduler\protected\controllers\SiteController.php (61)
in C:\apps\xampp\htdocs\scheduler\index.php (13)
2013/11/12 06:44:33 [error] [php] Array to string conversion (C:\apps\yii-1.1.14.f0fee9\framework\YiiBase.php:476)
Stack trace:
#0 C:\apps\yii-1.1.14.f0fee9\framework\web\CController.php(308): CInlineAction->runWithParams()
#1 C:\apps\yii-1.1.14.f0fee9\framework\web\CController.php(286): SiteController->runAction()
#2 C:\apps\yii-1.1.14.f0fee9\framework\web\CController.php(265): SiteController->runActionWithFilters()
#3 C:\apps\yii-1.1.14.f0fee9\framework\web\CWebApplication.php(282): SiteController->run()
#4 C:\apps\yii-1.1.14.f0fee9\framework\web\CWebApplication.php(141): CWebApplication->runController()
#5 C:\apps\yii-1.1.14.f0fee9\framework\base\CApplication.php(180): CWebApplication->processRequest()
#6 C:\apps\xampp\htdocs\scheduler\index.php(13): CWebApplication->run()
REQUEST_URI=/scheduler/?r=site/create
in C:\apps\xampp\htdocs\scheduler\protected\controllers\SiteController.php (61)
in C:\apps\xampp\htdocs\scheduler\index.php (13)
2013/11/12 06:45:31 [error] [test] a:2:{s:5:"theme";s:4:"test";s:6:"s_date";s:10:"12/12/2012";}
in C:\apps\xampp\htdocs\scheduler\protected\controllers\SiteController.php (61)
in C:\apps\xampp\htdocs\scheduler\index.php (13)
2013/11/12 06:45:53 [error] [test] a:3:{s:5:"theme";s:4:"test";s:6:"s_date";s:10:"12/12/2012";s:2:"id";N;}
in C:\apps\xampp\htdocs\scheduler\protected\controllers\SiteController.php (61)
in C:\apps\xampp\htdocs\scheduler\index.php (13)
2013/11/12 06:46:15 [error] [test] a:3:{s:5:"theme";s:4:"test";s:6:"s_date";s:10:"12-12-2012";s:2:"id";N;}
in C:\apps\xampp\htdocs\scheduler\protected\controllers\SiteController.php (61)
in C:\apps\xampp\htdocs\scheduler\index.php (13)
2013/11/12 06:46:41 [error] [test] a:3:{s:5:"theme";s:4:"test";s:6:"s_date";s:10:"2013-10-27";s:2:"id";N;}
in C:\apps\xampp\htdocs\scheduler\protected\controllers\SiteController.php (61)
in C:\apps\xampp\htdocs\scheduler\index.php (13)
2013/11/13 04:11:59 [error] [php] Undefined variable: data (C:\apps\xampp\htdocs\scheduler\protected\views\site\index.php:18)
Stack trace:
#0 C:\apps\yii-1.1.14.f0fee9\framework\web\CController.php(869): SiteController->renderFile()
#1 C:\apps\yii-1.1.14.f0fee9\framework\web\CController.php(782): SiteController->renderPartial()
#2 C:\apps\xampp\htdocs\scheduler\protected\controllers\SiteController.php(36): SiteController->render()
#3 C:\apps\yii-1.1.14.f0fee9\framework\web\actions\CInlineAction.php(49): SiteController->actionIndex()
#4 C:\apps\yii-1.1.14.f0fee9\framework\web\CController.php(308): CInlineAction->runWithParams()
#5 C:\apps\yii-1.1.14.f0fee9\framework\web\CController.php(286): SiteController->runAction()
#6 C:\apps\yii-1.1.14.f0fee9\framework\web\CController.php(265): SiteController->runActionWithFilters()
#7 C:\apps\yii-1.1.14.f0fee9\framework\web\CWebApplication.php(282): SiteController->run()
#8 C:\apps\yii-1.1.14.f0fee9\framework\web\CWebApplication.php(141): CWebApplication->runController()
#9 C:\apps\yii-1.1.14.f0fee9\framework\base\CApplication.php(180): CWebApplication->processRequest()
#10 C:\apps\xampp\htdocs\scheduler\index.php(13): CWebApplication->run()
REQUEST_URI=/scheduler/index.php?r=site/index&id=2
in C:\apps\xampp\htdocs\scheduler\protected\views\site\index.php (18)
in C:\apps\xampp\htdocs\scheduler\protected\controllers\SiteController.php (36)
in C:\apps\xampp\htdocs\scheduler\index.php (13)
2013/11/13 04:12:18 [error] [exception.CHttpException.404] exception 'CHttpException' with message 'The system is unable to find the requested action "view".' in C:\apps\yii-1.1.14.f0fee9\framework\web\CController.php:483
Stack trace:
#0 C:\apps\yii-1.1.14.f0fee9\framework\web\CController.php(270): CController->missingAction('view')
#1 C:\apps\yii-1.1.14.f0fee9\framework\web\CWebApplication.php(282): CController->run('view')
#2 C:\apps\yii-1.1.14.f0fee9\framework\web\CWebApplication.php(141): CWebApplication->runController('site/view')
#3 C:\apps\yii-1.1.14.f0fee9\framework\base\CApplication.php(180): CWebApplication->processRequest()
#4 C:\apps\xampp\htdocs\scheduler\index.php(13): CApplication->run()
#5 {main}
REQUEST_URI=/scheduler/index.php?r=site/view&id=1
HTTP_REFERER=http://localhost/scheduler/index.php?r=site/index&id=2
---
2013/11/13 04:46:04 [error] [php] Undefined variable: subs (C:\apps\xampp\htdocs\scheduler\protected\views\site\_form.php:35)
Stack trace:
#0 C:\apps\yii-1.1.14.f0fee9\framework\web\CController.php(869): SiteController->renderFile()
#1 C:\apps\xampp\htdocs\scheduler\protected\views\site\create.php(6): SiteController->renderPartial()
#2 C:\apps\yii-1.1.14.f0fee9\framework\web\CBaseController.php(126): require()
#3 C:\apps\yii-1.1.14.f0fee9\framework\web\CBaseController.php(95): SiteController->renderInternal()
#4 C:\apps\yii-1.1.14.f0fee9\framework\web\CController.php(869): SiteController->renderFile()
#5 C:\apps\yii-1.1.14.f0fee9\framework\web\CController.php(782): SiteController->renderPartial()
#6 C:\apps\xampp\htdocs\scheduler\protected\controllers\SiteController.php(78): SiteController->render()
#7 C:\apps\yii-1.1.14.f0fee9\framework\web\actions\CInlineAction.php(49): SiteController->actionCreate()
#8 C:\apps\yii-1.1.14.f0fee9\framework\web\CController.php(308): CInlineAction->runWithParams()
#9 C:\apps\yii-1.1.14.f0fee9\framework\web\CController.php(286): SiteController->runAction()
#10 C:\apps\yii-1.1.14.f0fee9\framework\web\CController.php(265): SiteController->runActionWithFilters()
#11 C:\apps\yii-1.1.14.f0fee9\framework\web\CWebApplication.php(282): SiteController->run()
#12 C:\apps\yii-1.1.14.f0fee9\framework\web\CWebApplication.php(141): CWebApplication->runController()
#13 C:\apps\yii-1.1.14.f0fee9\framework\base\CApplication.php(180): CWebApplication->processRequest()
#14 C:\apps\xampp\htdocs\scheduler\index.php(13): CWebApplication->run()
REQUEST_URI=/scheduler/?r=site/create
in C:\apps\xampp\htdocs\scheduler\protected\views\site\_form.php (35)
in C:\apps\xampp\htdocs\scheduler\protected\views\site\create.php (6)
in C:\apps\xampp\htdocs\scheduler\protected\controllers\SiteController.php (78)
in C:\apps\xampp\htdocs\scheduler\index.php (13)
2013/11/13 04:47:25 [error] [php] Undefined variable: form (C:\apps\xampp\htdocs\scheduler\protected\views\sub_schedule\_form.php:18)
Stack trace:
#0 C:\apps\yii-1.1.14.f0fee9\framework\web\CController.php(869): SiteController->renderFile()
#1 C:\apps\xampp\htdocs\scheduler\protected\views\site\_form.php(36): SiteController->renderPartial()
#2 C:\apps\yii-1.1.14.f0fee9\framework\web\CBaseController.php(126): require()
#3 C:\apps\yii-1.1.14.f0fee9\framework\web\CBaseController.php(95): SiteController->renderInternal()
#4 C:\apps\yii-1.1.14.f0fee9\framework\web\CController.php(869): SiteController->renderFile()
#5 C:\apps\xampp\htdocs\scheduler\protected\views\site\create.php(6): SiteController->renderPartial()
#6 C:\apps\yii-1.1.14.f0fee9\framework\web\CBaseController.php(126): require()
#7 C:\apps\yii-1.1.14.f0fee9\framework\web\CBaseController.php(95): SiteController->renderInternal()
#8 C:\apps\yii-1.1.14.f0fee9\framework\web\CController.php(869): SiteController->renderFile()
#9 C:\apps\yii-1.1.14.f0fee9\framework\web\CController.php(782): SiteController->renderPartial()
#10 C:\apps\xampp\htdocs\scheduler\protected\controllers\SiteController.php(78): SiteController->render()
#11 C:\apps\yii-1.1.14.f0fee9\framework\web\actions\CInlineAction.php(49): SiteController->actionCreate()
#12 C:\apps\yii-1.1.14.f0fee9\framework\web\CController.php(308): CInlineAction->runWithParams()
#13 C:\apps\yii-1.1.14.f0fee9\framework\web\CController.php(286): SiteController->runAction()
#14 C:\apps\yii-1.1.14.f0fee9\framework\web\CController.php(265): SiteController->runActionWithFilters()
#15 C:\apps\yii-1.1.14.f0fee9\framework\web\CWebApplication.php(282): SiteController->run()
#16 C:\apps\yii-1.1.14.f0fee9\framework\web\CWebApplication.php(141): CWebApplication->runController()
#17 C:\apps\yii-1.1.14.f0fee9\framework\base\CApplication.php(180): CWebApplication->processRequest()
#18 C:\apps\xampp\htdocs\scheduler\index.php(13): CWebApplication->run()
REQUEST_URI=/scheduler/?r=site/create
in C:\apps\xampp\htdocs\scheduler\protected\views\sub_schedule\_form.php (18)
in C:\apps\xampp\htdocs\scheduler\protected\views\site\_form.php (36)
in C:\apps\xampp\htdocs\scheduler\protected\views\site\create.php (6)
in C:\apps\xampp\htdocs\scheduler\protected\controllers\SiteController.php (78)
in C:\apps\xampp\htdocs\scheduler\index.php (13)
2013/11/13 04:49:21 [error] [php] Undefined variable: subs (C:\apps\xampp\htdocs\scheduler\protected\views\sub_schedule\_form.php:18)
Stack trace:
#0 C:\apps\yii-1.1.14.f0fee9\framework\web\CController.php(869): SiteController->renderFile()
#1 C:\apps\xampp\htdocs\scheduler\protected\views\site\_form.php(36): SiteController->renderPartial()
#2 C:\apps\yii-1.1.14.f0fee9\framework\web\CBaseController.php(126): require()
#3 C:\apps\yii-1.1.14.f0fee9\framework\web\CBaseController.php(95): SiteController->renderInternal()
#4 C:\apps\yii-1.1.14.f0fee9\framework\web\CController.php(869): SiteController->renderFile()
#5 C:\apps\xampp\htdocs\scheduler\protected\views\site\create.php(6): SiteController->renderPartial()
#6 C:\apps\yii-1.1.14.f0fee9\framework\web\CBaseController.php(126): require()
#7 C:\apps\yii-1.1.14.f0fee9\framework\web\CBaseController.php(95): SiteController->renderInternal()
#8 C:\apps\yii-1.1.14.f0fee9\framework\web\CController.php(869): SiteController->renderFile()
#9 C:\apps\yii-1.1.14.f0fee9\framework\web\CController.php(782): SiteController->renderPartial()
#10 C:\apps\xampp\htdocs\scheduler\protected\controllers\SiteController.php(78): SiteController->render()
#11 C:\apps\yii-1.1.14.f0fee9\framework\web\actions\CInlineAction.php(49): SiteController->actionCreate()
#12 C:\apps\yii-1.1.14.f0fee9\framework\web\CController.php(308): CInlineAction->runWithParams()
#13 C:\apps\yii-1.1.14.f0fee9\framework\web\CController.php(286): SiteController->runAction()
#14 C:\apps\yii-1.1.14.f0fee9\framework\web\CController.php(265): SiteController->runActionWithFilters()
#15 C:\apps\yii-1.1.14.f0fee9\framework\web\CWebApplication.php(282): SiteController->run()
#16 C:\apps\yii-1.1.14.f0fee9\framework\web\CWebApplication.php(141): CWebApplication->runController()
#17 C:\apps\yii-1.1.14.f0fee9\framework\base\CApplication.php(180): CWebApplication->processRequest()
#18 C:\apps\xampp\htdocs\scheduler\index.php(13): CWebApplication->run()
REQUEST_URI=/scheduler/?r=site/create
in C:\apps\xampp\htdocs\scheduler\protected\views\sub_schedule\_form.php (18)
in C:\apps\xampp\htdocs\scheduler\protected\views\site\_form.php (36)
in C:\apps\xampp\htdocs\scheduler\protected\views\site\create.php (6)
in C:\apps\xampp\htdocs\scheduler\protected\controllers\SiteController.php (78)
in C:\apps\xampp\htdocs\scheduler\index.php (13)
2013/11/13 04:49:38 [error] [php] Array to string conversion (C:\apps\yii-1.1.14.f0fee9\framework\web\helpers\CHtml.php:2181)
Stack trace:
#0 C:\apps\yii-1.1.14.f0fee9\framework\web\widgets\CActiveForm.php(597): activeLabelEx()
#1 C:\apps\xampp\htdocs\scheduler\protected\views\sub_schedule\_form.php(18): CActiveForm->labelEx()
#2 C:\apps\yii-1.1.14.f0fee9\framework\web\CBaseController.php(126): require()
#3 C:\apps\yii-1.1.14.f0fee9\framework\web\CBaseController.php(95): SiteController->renderInternal()
#4 C:\apps\yii-1.1.14.f0fee9\framework\web\CController.php(869): SiteController->renderFile()
#5 C:\apps\xampp\htdocs\scheduler\protected\views\site\_form.php(36): SiteController->renderPartial()
#6 C:\apps\yii-1.1.14.f0fee9\framework\web\CBaseController.php(126): require()
#7 C:\apps\yii-1.1.14.f0fee9\framework\web\CBaseController.php(95): SiteController->renderInternal()
#8 C:\apps\yii-1.1.14.f0fee9\framework\web\CController.php(869): SiteController->renderFile()
#9 C:\apps\xampp\htdocs\scheduler\protected\views\site\create.php(6): SiteController->renderPartial()
#10 C:\apps\yii-1.1.14.f0fee9\framework\web\CBaseController.php(126): require()
#11 C:\apps\yii-1.1.14.f0fee9\framework\web\CBaseController.php(95): SiteController->renderInternal()
#12 C:\apps\yii-1.1.14.f0fee9\framework\web\CController.php(869): SiteController->renderFile()
#13 C:\apps\yii-1.1.14.f0fee9\framework\web\CController.php(782): SiteController->renderPartial()
#14 C:\apps\xampp\htdocs\scheduler\protected\controllers\SiteController.php(78): SiteController->render()
#15 C:\apps\yii-1.1.14.f0fee9\framework\web\actions\CInlineAction.php(49): SiteController->actionCreate()
#16 C:\apps\yii-1.1.14.f0fee9\framework\web\CController.php(308): CInlineAction->runWithParams()
#17 C:\apps\yii-1.1.14.f0fee9\framework\web\CController.php(286): SiteController->runAction()
#18 C:\apps\yii-1.1.14.f0fee9\framework\web\CController.php(265): SiteController->runActionWithFilters()
#19 C:\apps\yii-1.1.14.f0fee9\framework\web\CWebApplication.php(282): SiteController->run()
#20 C:\apps\yii-1.1.14.f0fee9\framework\web\CWebApplication.php(141): CWebApplication->runController()
#21 C:\apps\yii-1.1.14.f0fee9\framework\base\CApplication.php(180): CWebApplication->processRequest()
#22 C:\apps\xampp\htdocs\scheduler\index.php(13): CWebApplication->run()
REQUEST_URI=/scheduler/?r=site/create
in C:\apps\xampp\htdocs\scheduler\protected\views\sub_schedule\_form.php (18)
in C:\apps\xampp\htdocs\scheduler\protected\views\site\_form.php (36)
in C:\apps\xampp\htdocs\scheduler\protected\views\site\create.php (6)
in C:\apps\xampp\htdocs\scheduler\protected\controllers\SiteController.php (78)
in C:\apps\xampp\htdocs\scheduler\index.php (13)
2013/11/13 05:02:09 [error] [php] Undefined variable: subs (C:\apps\xampp\htdocs\scheduler\protected\views\site\create.php:6)
Stack trace:
#0 C:\apps\yii-1.1.14.f0fee9\framework\web\CController.php(869): SiteController->renderFile()
#1 C:\apps\yii-1.1.14.f0fee9\framework\web\CController.php(782): SiteController->renderPartial()
#2 C:\apps\xampp\htdocs\scheduler\protected\controllers\SiteController.php(78): SiteController->render()
#3 C:\apps\yii-1.1.14.f0fee9\framework\web\actions\CInlineAction.php(49): SiteController->actionCreate()
#4 C:\apps\yii-1.1.14.f0fee9\framework\web\CController.php(308): CInlineAction->runWithParams()
#5 C:\apps\yii-1.1.14.f0fee9\framework\web\CController.php(286): SiteController->runAction()
#6 C:\apps\yii-1.1.14.f0fee9\framework\web\CController.php(265): SiteController->runActionWithFilters()
#7 C:\apps\yii-1.1.14.f0fee9\framework\web\CWebApplication.php(282): SiteController->run()
#8 C:\apps\yii-1.1.14.f0fee9\framework\web\CWebApplication.php(141): CWebApplication->runController()
#9 C:\apps\yii-1.1.14.f0fee9\framework\base\CApplication.php(180): CWebApplication->processRequest()
#10 C:\apps\xampp\htdocs\scheduler\index.php(13): CWebApplication->run()
REQUEST_URI=/scheduler/?r=site/create
in C:\apps\xampp\htdocs\scheduler\protected\views\site\create.php (6)
in C:\apps\xampp\htdocs\scheduler\protected\controllers\SiteController.php (78)
in C:\apps\xampp\htdocs\scheduler\index.php (13)
2013/11/13 05:02:35 [error] [exception.CHttpException.404] exception 'CHttpException' with message 'The system is unable to find the requested action "loadChildByAjax".' in C:\apps\yii-1.1.14.f0fee9\framework\web\CController.php:483
Stack trace:
#0 C:\apps\yii-1.1.14.f0fee9\framework\web\CController.php(270): CController->missingAction('loadChildByAjax')
#1 C:\apps\yii-1.1.14.f0fee9\framework\web\CWebApplication.php(282): CController->run('loadChildByAjax')
#2 C:\apps\yii-1.1.14.f0fee9\framework\web\CWebApplication.php(141): CWebApplication->runController('site/loadChildB...')
#3 C:\apps\yii-1.1.14.f0fee9\framework\base\CApplication.php(180): CWebApplication->processRequest()
#4 C:\apps\xampp\htdocs\scheduler\index.php(13): CApplication->run()
#5 {main}
REQUEST_URI=/scheduler/index.php?r=site/loadChildByAjax&load_for=create&index=0
HTTP_REFERER=http://localhost/scheduler/?r=site/create
---
2013/11/13 05:04:06 [error] [php] include(Child.php): failed to open stream: No such file or directory (C:\apps\yii-1.1.14.f0fee9\framework\YiiBase.php:427)
Stack trace:
#0 C:\apps\xampp\htdocs\scheduler\protected\controllers\SiteController.php(126): spl_autoload_call()
#1 unknown(0): SiteController->actionLoadChildByAjax()
#2 C:\apps\yii-1.1.14.f0fee9\framework\web\actions\CAction.php(108): ReflectionMethod->invokeArgs()
#3 C:\apps\yii-1.1.14.f0fee9\framework\web\actions\CInlineAction.php(47): CInlineAction->runWithParamsInternal()
#4 C:\apps\yii-1.1.14.f0fee9\framework\web\CController.php(308): CInlineAction->runWithParams()
#5 C:\apps\yii-1.1.14.f0fee9\framework\web\CController.php(286): SiteController->runAction()
#6 C:\apps\yii-1.1.14.f0fee9\framework\web\CController.php(265): SiteController->runActionWithFilters()
#7 C:\apps\yii-1.1.14.f0fee9\framework\web\CWebApplication.php(282): SiteController->run()
#8 C:\apps\yii-1.1.14.f0fee9\framework\web\CWebApplication.php(141): CWebApplication->runController()
#9 C:\apps\yii-1.1.14.f0fee9\framework\base\CApplication.php(180): CWebApplication->processRequest()
#10 C:\apps\xampp\htdocs\scheduler\index.php(13): CWebApplication->run()
REQUEST_URI=/scheduler/index.php?r=site/loadChildByAjax&load_for=create&index=0
in C:\apps\xampp\htdocs\scheduler\protected\controllers\SiteController.php (126)
in C:\apps\xampp\htdocs\scheduler\index.php (13)
2013/11/13 05:04:30 [error] [php] include(Child.php): failed to open stream: No such file or directory (C:\apps\yii-1.1.14.f0fee9\framework\YiiBase.php:427)
Stack trace:
#0 C:\apps\xampp\htdocs\scheduler\protected\controllers\SiteController.php(126): spl_autoload_call()
#1 unknown(0): SiteController->actionLoadChildByAjax()
#2 C:\apps\yii-1.1.14.f0fee9\framework\web\actions\CAction.php(108): ReflectionMethod->invokeArgs()
#3 C:\apps\yii-1.1.14.f0fee9\framework\web\actions\CInlineAction.php(47): CInlineAction->runWithParamsInternal()
#4 C:\apps\yii-1.1.14.f0fee9\framework\web\CController.php(308): CInlineAction->runWithParams()
#5 C:\apps\yii-1.1.14.f0fee9\framework\web\CController.php(286): SiteController->runAction()
#6 C:\apps\yii-1.1.14.f0fee9\framework\web\CController.php(265): SiteController->runActionWithFilters()
#7 C:\apps\yii-1.1.14.f0fee9\framework\web\CWebApplication.php(282): SiteController->run()
#8 C:\apps\yii-1.1.14.f0fee9\framework\web\CWebApplication.php(141): CWebApplication->runController()
#9 C:\apps\yii-1.1.14.f0fee9\framework\base\CApplication.php(180): CWebApplication->processRequest()
#10 C:\apps\xampp\htdocs\scheduler\index.php(13): CWebApplication->run()
REQUEST_URI=/scheduler/index.php?r=site/loadChildByAjax&load_for=create&index=0
in C:\apps\xampp\htdocs\scheduler\protected\controllers\SiteController.php (126)
in C:\apps\xampp\htdocs\scheduler\index.php (13)
2013/11/13 05:04:56 [error] [exception.CException] exception 'CException' with message 'SiteController cannot find the requested view "sub_schedule/_form".' in C:\apps\yii-1.1.14.f0fee9\framework\web\CController.php:878
Stack trace:
#0 C:\apps\xampp\htdocs\scheduler\protected\controllers\SiteController.php(131): CController->renderPartial('sub_schedule/_f...', Array, false, true)
#1 [internal function]: SiteController->actionLoadChildByAjax('0')
#2 C:\apps\yii-1.1.14.f0fee9\framework\web\actions\CAction.php(108): ReflectionMethod->invokeArgs(Object(SiteController), Array)
#3 C:\apps\yii-1.1.14.f0fee9\framework\web\actions\CInlineAction.php(47): CAction->runWithParamsInternal(Object(SiteController), Object(ReflectionMethod), Array)
#4 C:\apps\yii-1.1.14.f0fee9\framework\web\CController.php(308): CInlineAction->runWithParams(Array)
#5 C:\apps\yii-1.1.14.f0fee9\framework\web\CController.php(286): CController->runAction(Object(CInlineAction))
#6 C:\apps\yii-1.1.14.f0fee9\framework\web\CController.php(265): CController->runActionWithFilters(Object(CInlineAction), Array)
#7 C:\apps\yii-1.1.14.f0fee9\framework\web\CWebApplication.php(282): CController->run('loadChildByAjax')
#8 C:\apps\yii-1.1.14.f0fee9\framework\web\CWebApplication.php(141): CWebApplication->runController('site/loadChildB...')
#9 C:\apps\yii-1.1.14.f0fee9\framework\base\CApplication.php(180): CWebApplication->processRequest()
#10 C:\apps\xampp\htdocs\scheduler\index.php(13): CApplication->run()
#11 {main}
REQUEST_URI=/scheduler/index.php?r=site/loadChildByAjax&load_for=create&index=0
---
2013/11/13 05:09:53 [error] [exception.CException] exception 'CException' with message 'Schedule and its behaviors do not have a method or closure named "saveWithRelated".' in C:\apps\yii-1.1.14.f0fee9\framework\base\CComponent.php:266
Stack trace:
#0 C:\apps\yii-1.1.14.f0fee9\framework\db\ar\CActiveRecord.php(227): CComponent->__call('saveWithRelated', Array)
#1 C:\apps\xampp\htdocs\scheduler\protected\controllers\SiteController.php(75): CActiveRecord->__call('saveWithRelated', Array)
#2 C:\apps\xampp\htdocs\scheduler\protected\controllers\SiteController.php(75): Schedule->saveWithRelated('sub_schedules')
#3 C:\apps\yii-1.1.14.f0fee9\framework\web\actions\CInlineAction.php(49): SiteController->actionCreate()
#4 C:\apps\yii-1.1.14.f0fee9\framework\web\CController.php(308): CInlineAction->runWithParams(Array)
#5 C:\apps\yii-1.1.14.f0fee9\framework\web\CController.php(286): CController->runAction(Object(CInlineAction))
#6 C:\apps\yii-1.1.14.f0fee9\framework\web\CController.php(265): CController->runActionWithFilters(Object(CInlineAction), Array)
#7 C:\apps\yii-1.1.14.f0fee9\framework\web\CWebApplication.php(282): CController->run('create')
#8 C:\apps\yii-1.1.14.f0fee9\framework\web\CWebApplication.php(141): CWebApplication->runController('site/create')
#9 C:\apps\yii-1.1.14.f0fee9\framework\base\CApplication.php(180): CWebApplication->processRequest()
#10 C:\apps\xampp\htdocs\scheduler\index.php(13): CApplication->run()
#11 {main}
REQUEST_URI=/scheduler/?r=site/create
HTTP_REFERER=http://localhost/scheduler/?r=site/create
---
2013/11/13 05:11:23 [error] [exception.CException] exception 'CException' with message 'Alias "application.components.ESaveRelatedBehavior" is invalid. Make sure it points to an existing PHP file and the file is readable.' in C:\apps\yii-1.1.14.f0fee9\framework\YiiBase.php:322
Stack trace:
#0 C:\apps\yii-1.1.14.f0fee9\framework\YiiBase.php(196): YiiBase::import('application.com...', true)
#1 C:\apps\yii-1.1.14.f0fee9\framework\base\CComponent.php(329): YiiBase::createComponent(Array)
#2 C:\apps\yii-1.1.14.f0fee9\framework\base\CComponent.php(298): CComponent->attachBehavior('ESaveRelatedBeh...', Array)
#3 C:\apps\yii-1.1.14.f0fee9\framework\db\ar\CActiveRecord.php(83): CComponent->attachBehaviors(Array)
#4 C:\apps\xampp\htdocs\scheduler\protected\controllers\SiteController.php(62): CActiveRecord->__construct()
#5 C:\apps\yii-1.1.14.f0fee9\framework\web\actions\CInlineAction.php(49): SiteController->actionCreate()
#6 C:\apps\yii-1.1.14.f0fee9\framework\web\CController.php(308): CInlineAction->runWithParams(Array)
#7 C:\apps\yii-1.1.14.f0fee9\framework\web\CController.php(286): CController->runAction(Object(CInlineAction))
#8 C:\apps\yii-1.1.14.f0fee9\framework\web\CController.php(265): CController->runActionWithFilters(Object(CInlineAction), Array)
#9 C:\apps\yii-1.1.14.f0fee9\framework\web\CWebApplication.php(282): CController->run('create')
#10 C:\apps\yii-1.1.14.f0fee9\framework\web\CWebApplication.php(141): CWebApplication->runController('site/create')
#11 C:\apps\yii-1.1.14.f0fee9\framework\base\CApplication.php(180): CWebApplication->processRequest()
#12 C:\apps\xampp\htdocs\scheduler\index.php(13): CApplication->run()
#13 {main}
REQUEST_URI=/scheduler/?r=site/create
HTTP_REFERER=http://localhost/scheduler/?r=site/create
---
2013/11/13 05:13:15 [error] [exception.CException] exception 'CException' with message 'SiteController cannot find the requested view "sub_schedules/_form".' in C:\apps\yii-1.1.14.f0fee9\framework\web\CController.php:878
Stack trace:
#0 C:\apps\xampp\htdocs\scheduler\protected\views\site\_form.php(44): CController->renderPartial('sub_schedules/_...', Array)
#1 C:\apps\yii-1.1.14.f0fee9\framework\web\CBaseController.php(126): require('C:\apps\xampp\h...')
#2 C:\apps\yii-1.1.14.f0fee9\framework\web\CBaseController.php(95): CBaseController->renderInternal('C:\apps\xampp\h...', Array, true)
#3 C:\apps\yii-1.1.14.f0fee9\framework\web\CController.php(869): CBaseController->renderFile('C:\apps\xampp\h...', Array, true)
#4 C:\apps\xampp\htdocs\scheduler\protected\views\site\create.php(6): CController->renderPartial('_form', Array)
#5 C:\apps\yii-1.1.14.f0fee9\framework\web\CBaseController.php(126): require('C:\apps\xampp\h...')
#6 C:\apps\yii-1.1.14.f0fee9\framework\web\CBaseController.php(95): CBaseController->renderInternal('C:\apps\xampp\h...', Array, true)
#7 C:\apps\yii-1.1.14.f0fee9\framework\web\CController.php(869): CBaseController->renderFile('C:\apps\xampp\h...', Array, true)
#8 C:\apps\yii-1.1.14.f0fee9\framework\web\CController.php(782): CController->renderPartial('create', Array, true)
#9 C:\apps\xampp\htdocs\scheduler\protected\controllers\SiteController.php(85): CController->render('create', Array)
#10 C:\apps\yii-1.1.14.f0fee9\framework\web\actions\CInlineAction.php(49): SiteController->actionCreate()
#11 C:\apps\yii-1.1.14.f0fee9\framework\web\CController.php(308): CInlineAction->runWithParams(Array)
#12 C:\apps\yii-1.1.14.f0fee9\framework\web\CController.php(286): CController->runAction(Object(CInlineAction))
#13 C:\apps\yii-1.1.14.f0fee9\framework\web\CController.php(265): CController->runActionWithFilters(Object(CInlineAction), Array)
#14 C:\apps\yii-1.1.14.f0fee9\framework\web\CWebApplication.php(282): CController->run('create')
#15 C:\apps\yii-1.1.14.f0fee9\framework\web\CWebApplication.php(141): CWebApplication->runController('site/create')
#16 C:\apps\yii-1.1.14.f0fee9\framework\base\CApplication.php(180): CWebApplication->processRequest()
#17 C:\apps\xampp\htdocs\scheduler\index.php(13): CApplication->run()
#18 {main}
REQUEST_URI=/scheduler/?r=site/create
HTTP_REFERER=http://localhost/scheduler/?r=site/create
---
2013/11/13 05:15:11 [error] [exception.CException] exception 'CException' with message 'SiteController cannot find the requested view "sub_schedule		/_form".' in C:\apps\yii-1.1.14.f0fee9\framework\web\CController.php:878
Stack trace:
#0 C:\apps\xampp\htdocs\scheduler\protected\views\site\_form.php(44): CController->renderPartial('sub_schedule??/...', Array)
#1 C:\apps\yii-1.1.14.f0fee9\framework\web\CBaseController.php(126): require('C:\apps\xampp\h...')
#2 C:\apps\yii-1.1.14.f0fee9\framework\web\CBaseController.php(95): CBaseController->renderInternal('C:\apps\xampp\h...', Array, true)
#3 C:\apps\yii-1.1.14.f0fee9\framework\web\CController.php(869): CBaseController->renderFile('C:\apps\xampp\h...', Array, true)
#4 C:\apps\xampp\htdocs\scheduler\protected\views\site\create.php(6): CController->renderPartial('_form', Array)
#5 C:\apps\yii-1.1.14.f0fee9\framework\web\CBaseController.php(126): require('C:\apps\xampp\h...')
#6 C:\apps\yii-1.1.14.f0fee9\framework\web\CBaseController.php(95): CBaseController->renderInternal('C:\apps\xampp\h...', Array, true)
#7 C:\apps\yii-1.1.14.f0fee9\framework\web\CController.php(869): CBaseController->renderFile('C:\apps\xampp\h...', Array, true)
#8 C:\apps\yii-1.1.14.f0fee9\framework\web\CController.php(782): CController->renderPartial('create', Array, true)
#9 C:\apps\xampp\htdocs\scheduler\protected\controllers\SiteController.php(85): CController->render('create', Array)
#10 C:\apps\yii-1.1.14.f0fee9\framework\web\actions\CInlineAction.php(49): SiteController->actionCreate()
#11 C:\apps\yii-1.1.14.f0fee9\framework\web\CController.php(308): CInlineAction->runWithParams(Array)
#12 C:\apps\yii-1.1.14.f0fee9\framework\web\CController.php(286): CController->runAction(Object(CInlineAction))
#13 C:\apps\yii-1.1.14.f0fee9\framework\web\CController.php(265): CController->runActionWithFilters(Object(CInlineAction), Array)
#14 C:\apps\yii-1.1.14.f0fee9\framework\web\CWebApplication.php(282): CController->run('create')
#15 C:\apps\yii-1.1.14.f0fee9\framework\web\CWebApplication.php(141): CWebApplication->runController('site/create')
#16 C:\apps\yii-1.1.14.f0fee9\framework\base\CApplication.php(180): CWebApplication->processRequest()
#17 C:\apps\xampp\htdocs\scheduler\index.php(13): CApplication->run()
#18 {main}
REQUEST_URI=/scheduler/?r=site/create
HTTP_REFERER=http://localhost/scheduler/?r=site/create
---
